{
  "seleniumLog": [
    {
      "commandName": "getCurrentWindowHandle",
      "args": [
        "{}"
      ],
      "result": "CDwindow-32c71c4e-6331-4e66-8dcf-7f5de7868140",
      "subLogs": [],
      "duration": 16
    },
    {
      "commandName": "get",
      "args": [
        "{url=https://www.flipkart.com/}"
      ],
      "result": "null",
      "subLogs": [],
      "duration": 7224
    },
    {
      "commandName": "getTitle",
      "args": [
        "{}"
      ],
      "result": "Online Shopping Site for Mobiles,Fashion,Books,Electronics,Home Appliances & More @ Flipkart",
      "subLogs": [],
      "duration": 18
    },
    {
      "commandName": "findElement",
      "args": [
        "{value=a[title='Electronics'], using=css selector}"
      ],
      "result": "id: 0.2337757383694472-1",
      "subLogs": [],
      "duration": 34
    },
    {
      "commandName": "mouseMoveTo",
      "args": [
        "{element=0.2337757383694472-1}"
      ],
      "result": "null",
      "subLogs": [],
      "duration": 38
    },
    {
      "commandName": "findElements",
      "args": [
        "{value=//span[text()='Apple'], using=xpath}"
      ],
      "result": "[id: 0.2337757383694472-2]",
      "subLogs": [],
      "duration": 32
    },
    {
      "commandName": "findElement",
      "args": [
        "{value=//span[text()='Apple'], using=xpath}"
      ],
      "result": "id: 0.2337757383694472-2",
      "subLogs": [],
      "duration": 40
    },
    {
      "commandName": "isElementDisplayed",
      "args": [
        "By.xpath: //span[text()='Apple']",
        "{\"id\":\"0.2337757383694472-2\"}"
      ],
      "result": "isElementDisplayed:false",
      "subLogs": [],
      "duration": 31
    },
    {
      "commandName": "findElements",
      "args": [
        "{value=//span[text()='Apple'], using=xpath}"
      ],
      "result": "[id: 0.2337757383694472-2]",
      "subLogs": [],
      "duration": 17
    },
    {
      "commandName": "findElement",
      "args": [
        "{value=//span[text()='Apple'], using=xpath}"
      ],
      "result": "id: 0.2337757383694472-2",
      "subLogs": [],
      "duration": 12
    },
    {
      "commandName": "isElementDisplayed",
      "args": [
        "By.xpath: //span[text()='Apple']",
        "{\"id\":\"0.2337757383694472-2\"}"
      ],
      "result": "isElementDisplayed:true",
      "subLogs": [],
      "duration": 10
    },
    {
      "commandName": "findElement",
      "args": [
        "{value=//span[text()='Apple'], using=xpath}"
      ],
      "result": "id: 0.2337757383694472-2",
      "subLogs": [],
      "duration": 14
    },
    {
      "commandName": "clickElement",
      "args": [
        "By.xpath: //span[text()='Apple']",
        "{\"id\":\"0.2337757383694472-2\"}"
      ],
      "result": "clickElement:null",
      "subLogs": [],
      "duration": 92
    },
    {
      "commandName": "getCurrentWindowHandle",
      "args": [
        "{}"
      ],
      "result": "CDwindow-32c71c4e-6331-4e66-8dcf-7f5de7868140",
      "subLogs": [],
      "duration": 18
    },
    {
      "commandName": "getTitle",
      "args": [
        "{}"
      ],
      "result": "Online Shopping Site for Mobiles,Fashion,Books,Electronics,Home Appliances & More @ Flipkart",
      "subLogs": [],
      "duration": 5
    },
    {
      "commandName": "findElement",
      "args": [
        "{value=//p[text()=\"iPad\"], using=xpath}"
      ],
      "result": "no such element: Unable to locate element: {\"method\":\"xpath\",\"selector\":\"//p[text()=\"iPad\"]\"}\n  (Session info: chrome=58.0.3029.96)\n  (Driver info: chromedriver=2.28.455520 (cc17746adff54984afff480136733114c6b3704b),platform=Windows NT 6.2.9200 x86_64) (WARNING: The server did not provide any stacktrace information)\nCommand duration or timeout: 55 milliseconds\nFor documentation on this error, please visit: http://seleniumhq.org/exceptions/no_such_element.html\nBuild info: version: '2.53.1', revision: 'a36b8b1cd5757287168e54b817830adce9b0158d', time: '2016-06-30 19:26:09'\nSystem info: host: 'ICPL11484', ip: '10.11.30.153', os.name: 'Windows 8', os.arch: 'amd64', os.version: '6.2', java.version: '1.8.0_111'\nDriver info: com.qmetry.qaf.automation.ui.webdriver.QAFExtendedWebDriver\nCapabilities [{applicationCacheEnabled=false, rotatable=false, mobileEmulationEnabled=false, networkConnectionEnabled=false, chrome={chromedriverVersion=2.28.455520 (cc17746adff54984afff480136733114c6b3704b), userDataDir=C:\\Users\\RAJESW~1.ALL\\AppData\\Local\\Temp\\scoped_dir7048_27385}, takesHeapSnapshot=true, pageLoadStrategy=normal, databaseEnabled=false, handlesAlerts=true, hasTouchScreen=false, version=58.0.3029.96, platform=WIN8, browserConnectionEnabled=false, nativeEvents=true, acceptSslCerts=true, locationContextEnabled=true, webStorageEnabled=true, browserName=chrome, takesScreenshot=true, javascriptEnabled=true, cssSelectorsEnabled=true, unexpectedAlertBehaviour=}]\nSession ID: 2246414979f07e33f90b8314a6759c49\n*** Element info: {Using=xpath, value=//p[text()=\"iPad\"]}",
      "subLogs": [],
      "duration": 57
    },
    {
      "commandName": "findElement",
      "args": [
        "{value=//p[text()=\"iPad\"], using=xpath}"
      ],
      "result": "id: 0.2337757383694472-3",
      "subLogs": [],
      "duration": 11
    },
    {
      "commandName": "clickElement",
      "args": [
        "By.xpath: //p[text()=\"iPad\"]",
        "{\"id\":\"0.2337757383694472-3\"}"
      ],
      "result": "clickElement:null",
      "subLogs": [],
      "duration": 2999
    },
    {
      "commandName": "getCurrentWindowHandle",
      "args": [
        "{}"
      ],
      "result": "CDwindow-32c71c4e-6331-4e66-8dcf-7f5de7868140",
      "subLogs": [],
      "duration": 4
    },
    {
      "commandName": "getTitle",
      "args": [
        "{}"
      ],
      "result": "Apple Tablet/iPads - Buy Apple Tab Online at Best Prices In India | Flipkart.com",
      "subLogs": [],
      "duration": 15
    },
    {
      "commandName": "findElements",
      "args": [
        "{value=._1UoZlX, using=css selector}"
      ],
      "result": "[id: 0.7444647177251125-1, id: 0.7444647177251125-2, id: 0.7444647177251125-3, id: 0.7444647177251125-4, id: 0.7444647177251125-5, id: 0.7444647177251125-6, id: 0.7444647177251125-7, id: 0.7444647177251125-8, id: 0.7444647177251125-9, id: 0.7444647177251125-10]",
      "subLogs": [],
      "duration": 65
    },
    {
      "commandName": "findChildElements",
      "args": [
        "By.cssSelector: ._1UoZlX",
        "{\"using\":\"css selector\",\"id\":\"0.7444647177251125-1\",\"value\":\"._3wU53n\"}"
      ],
      "result": "findChildElements:[id: 0.7444647177251125-11]",
      "subLogs": [],
      "duration": 251
    },
    {
      "commandName": "getElementText",
      "args": [
        "By.cssSelector: ._3wU53n",
        "{\"id\":\"0.7444647177251125-11\"}"
      ],
      "result": "getElementText:Apple iPad 32 GB 9.7 inch with Wi-Fi Only",
      "subLogs": [],
      "duration": 768
    },
    {
      "commandName": "findChildElements",
      "args": [
        "By.cssSelector: ._1UoZlX",
        "{\"using\":\"css selector\",\"id\":\"0.7444647177251125-1\",\"value\":\"._1vC4OE._2rQ-NK\"}"
      ],
      "result": "findChildElements:[id: 0.7444647177251125-12]",
      "subLogs": [],
      "duration": 39
    },
    {
      "commandName": "getElementText",
      "args": [
        "By.cssSelector: ._1vC4OE._2rQ-NK",
        "{\"id\":\"0.7444647177251125-12\"}"
      ],
      "result": "getElementText:₹27,900",
      "subLogs": [],
      "duration": 45
    },
    {
      "commandName": "findChildElements",
      "args": [
        "By.cssSelector: ._1UoZlX",
        "{\"using\":\"css selector\",\"id\":\"0.7444647177251125-2\",\"value\":\"._3wU53n\"}"
      ],
      "result": "findChildElements:[id: 0.7444647177251125-13]",
      "subLogs": [],
      "duration": 31
    },
    {
      "commandName": "getElementText",
      "args": [
        "By.cssSelector: ._3wU53n",
        "{\"id\":\"0.7444647177251125-13\"}"
      ],
      "result": "getElementText:Apple iPad 32 GB 9.7 inch with Wi-Fi Only",
      "subLogs": [],
      "duration": 31
    },
    {
      "commandName": "findChildElements",
      "args": [
        "By.cssSelector: ._1UoZlX",
        "{\"using\":\"css selector\",\"id\":\"0.7444647177251125-2\",\"value\":\"._1vC4OE._2rQ-NK\"}"
      ],
      "result": "findChildElements:[id: 0.7444647177251125-14]",
      "subLogs": [],
      "duration": 16
    },
    {
      "commandName": "getElementText",
      "args": [
        "By.cssSelector: ._1vC4OE._2rQ-NK",
        "{\"id\":\"0.7444647177251125-14\"}"
      ],
      "result": "getElementText:₹27,900",
      "subLogs": [],
      "duration": 47
    },
    {
      "commandName": "findChildElements",
      "args": [
        "By.cssSelector: ._1UoZlX",
        "{\"using\":\"css selector\",\"id\":\"0.7444647177251125-3\",\"value\":\"._3wU53n\"}"
      ],
      "result": "findChildElements:[id: 0.7444647177251125-15]",
      "subLogs": [],
      "duration": 31
    },
    {
      "commandName": "getElementText",
      "args": [
        "By.cssSelector: ._3wU53n",
        "{\"id\":\"0.7444647177251125-15\"}"
      ],
      "result": "getElementText:Apple iPad 32 GB 9.7 inch with Wi-Fi Only",
      "subLogs": [],
      "duration": 31
    },
    {
      "commandName": "findChildElements",
      "args": [
        "By.cssSelector: ._1UoZlX",
        "{\"using\":\"css selector\",\"id\":\"0.7444647177251125-3\",\"value\":\"._1vC4OE._2rQ-NK\"}"
      ],
      "result": "findChildElements:[id: 0.7444647177251125-16]",
      "subLogs": [],
      "duration": 32
    },
    {
      "commandName": "getElementText",
      "args": [
        "By.cssSelector: ._1vC4OE._2rQ-NK",
        "{\"id\":\"0.7444647177251125-16\"}"
      ],
      "result": "getElementText:₹27,900",
      "subLogs": [],
      "duration": 31
    },
    {
      "commandName": "findChildElements",
      "args": [
        "By.cssSelector: ._1UoZlX",
        "{\"using\":\"css selector\",\"id\":\"0.7444647177251125-4\",\"value\":\"._3wU53n\"}"
      ],
      "result": "findChildElements:[id: 0.7444647177251125-17]",
      "subLogs": [],
      "duration": 47
    },
    {
      "commandName": "getElementText",
      "args": [
        "By.cssSelector: ._3wU53n",
        "{\"id\":\"0.7444647177251125-17\"}"
      ],
      "result": "getElementText:Apple iPad 128 GB 9.7 inch with Wi-Fi+4G",
      "subLogs": [],
      "duration": 47
    },
    {
      "commandName": "findChildElements",
      "args": [
        "By.cssSelector: ._1UoZlX",
        "{\"using\":\"css selector\",\"id\":\"0.7444647177251125-4\",\"value\":\"._1vC4OE._2rQ-NK\"}"
      ],
      "result": "findChildElements:[id: 0.7444647177251125-18]",
      "subLogs": [],
      "duration": 31
    },
    {
      "commandName": "getElementText",
      "args": [
        "By.cssSelector: ._1vC4OE._2rQ-NK",
        "{\"id\":\"0.7444647177251125-18\"}"
      ],
      "result": "getElementText:₹46,900",
      "subLogs": [],
      "duration": 47
    },
    {
      "commandName": "findChildElements",
      "args": [
        "By.cssSelector: ._1UoZlX",
        "{\"using\":\"css selector\",\"id\":\"0.7444647177251125-5\",\"value\":\"._3wU53n\"}"
      ],
      "result": "findChildElements:[id: 0.7444647177251125-19]",
      "subLogs": [],
      "duration": 15
    },
    {
      "commandName": "getElementText",
      "args": [
        "By.cssSelector: ._3wU53n",
        "{\"id\":\"0.7444647177251125-19\"}"
      ],
      "result": "getElementText:Apple iPad Pro 32 GB 9.7 inch with Wi-Fi+4G",
      "subLogs": [],
      "duration": 32
    },
    {
      "commandName": "findChildElements",
      "args": [
        "By.cssSelector: ._1UoZlX",
        "{\"using\":\"css selector\",\"id\":\"0.7444647177251125-5\",\"value\":\"._1vC4OE._2rQ-NK\"}"
      ],
      "result": "findChildElements:[id: 0.7444647177251125-20]",
      "subLogs": [],
      "duration": 31
    },
    {
      "commandName": "getElementText",
      "args": [
        "By.cssSelector: ._1vC4OE._2rQ-NK",
        "{\"id\":\"0.7444647177251125-20\"}"
      ],
      "result": "getElementText:₹58,805",
      "subLogs": [],
      "duration": 47
    },
    {
      "commandName": "findChildElements",
      "args": [
        "By.cssSelector: ._1UoZlX",
        "{\"using\":\"css selector\",\"id\":\"0.7444647177251125-6\",\"value\":\"._3wU53n\"}"
      ],
      "result": "findChildElements:[id: 0.7444647177251125-21]",
      "subLogs": [],
      "duration": 47
    },
    {
      "commandName": "getElementText",
      "args": [
        "By.cssSelector: ._3wU53n",
        "{\"id\":\"0.7444647177251125-21\"}"
      ],
      "result": "getElementText:Apple iPad 128 GB 9.7 inch with Wi-Fi+4G",
      "subLogs": [],
      "duration": 31
    },
    {
      "commandName": "findChildElements",
      "args": [
        "By.cssSelector: ._1UoZlX",
        "{\"using\":\"css selector\",\"id\":\"0.7444647177251125-6\",\"value\":\"._1vC4OE._2rQ-NK\"}"
      ],
      "result": "findChildElements:[id: 0.7444647177251125-22]",
      "subLogs": [],
      "duration": 32
    },
    {
      "commandName": "getElementText",
      "args": [
        "By.cssSelector: ._1vC4OE._2rQ-NK",
        "{\"id\":\"0.7444647177251125-22\"}"
      ],
      "result": "getElementText:₹46,900",
      "subLogs": [],
      "duration": 31
    },
    {
      "commandName": "findChildElements",
      "args": [
        "By.cssSelector: ._1UoZlX",
        "{\"using\":\"css selector\",\"id\":\"0.7444647177251125-7\",\"value\":\"._3wU53n\"}"
      ],
      "result": "findChildElements:[id: 0.7444647177251125-23]",
      "subLogs": [],
      "duration": 47
    },
    {
      "commandName": "getElementText",
      "args": [
        "By.cssSelector: ._3wU53n",
        "{\"id\":\"0.7444647177251125-23\"}"
      ],
      "result": "getElementText:Apple iPad 32 GB 9.7 inch with Wi-Fi+4G",
      "subLogs": [],
      "duration": 32
    },
    {
      "commandName": "findChildElements",
      "args": [
        "By.cssSelector: ._1UoZlX",
        "{\"using\":\"css selector\",\"id\":\"0.7444647177251125-7\",\"value\":\"._1vC4OE._2rQ-NK\"}"
      ],
      "result": "findChildElements:[id: 0.7444647177251125-24]",
      "subLogs": [],
      "duration": 50
    },
    {
      "commandName": "getElementText",
      "args": [
        "By.cssSelector: ._1vC4OE._2rQ-NK",
        "{\"id\":\"0.7444647177251125-24\"}"
      ],
      "result": "getElementText:₹38,900",
      "subLogs": [],
      "duration": 42
    },
    {
      "commandName": "findChildElements",
      "args": [
        "By.cssSelector: ._1UoZlX",
        "{\"using\":\"css selector\",\"id\":\"0.7444647177251125-8\",\"value\":\"._3wU53n\"}"
      ],
      "result": "findChildElements:[id: 0.7444647177251125-25]",
      "subLogs": [],
      "duration": 61
    },
    {
      "commandName": "getElementText",
      "args": [
        "By.cssSelector: ._3wU53n",
        "{\"id\":\"0.7444647177251125-25\"}"
      ],
      "result": "getElementText:Apple iPad Air 2 32 GB 9.7 inch with Wi-Fi Only",
      "subLogs": [],
      "duration": 43
    },
    {
      "commandName": "findChildElements",
      "args": [
        "By.cssSelector: ._1UoZlX",
        "{\"using\":\"css selector\",\"id\":\"0.7444647177251125-8\",\"value\":\"._1vC4OE._2rQ-NK\"}"
      ],
      "result": "findChildElements:[id: 0.7444647177251125-26]",
      "subLogs": [],
      "duration": 19
    },
    {
      "commandName": "getElementText",
      "args": [
        "By.cssSelector: ._1vC4OE._2rQ-NK",
        "{\"id\":\"0.7444647177251125-26\"}"
      ],
      "result": "getElementText:₹31,300",
      "subLogs": [],
      "duration": 31
    },
    {
      "commandName": "findChildElements",
      "args": [
        "By.cssSelector: ._1UoZlX",
        "{\"using\":\"css selector\",\"id\":\"0.7444647177251125-9\",\"value\":\"._3wU53n\"}"
      ],
      "result": "findChildElements:[id: 0.7444647177251125-27]",
      "subLogs": [],
      "duration": 47
    },
    {
      "commandName": "getElementText",
      "args": [
        "By.cssSelector: ._3wU53n",
        "{\"id\":\"0.7444647177251125-27\"}"
      ],
      "result": "getElementText:Apple iPad Air 2 64 GB with Wi-Fi+4G",
      "subLogs": [],
      "duration": 31
    },
    {
      "commandName": "findChildElements",
      "args": [
        "By.cssSelector: ._1UoZlX",
        "{\"using\":\"css selector\",\"id\":\"0.7444647177251125-9\",\"value\":\"._1vC4OE._2rQ-NK\"}"
      ],
      "result": "findChildElements:[id: 0.7444647177251125-28]",
      "subLogs": [],
      "duration": 47
    },
    {
      "commandName": "getElementText",
      "args": [
        "By.cssSelector: ._1vC4OE._2rQ-NK",
        "{\"id\":\"0.7444647177251125-28\"}"
      ],
      "result": "getElementText:₹45,900",
      "subLogs": [],
      "duration": 47
    },
    {
      "commandName": "findChildElements",
      "args": [
        "By.cssSelector: ._1UoZlX",
        "{\"using\":\"css selector\",\"id\":\"0.7444647177251125-10\",\"value\":\"._3wU53n\"}"
      ],
      "result": "findChildElements:[id: 0.7444647177251125-29]",
      "subLogs": [],
      "duration": 19
    },
    {
      "commandName": "getElementText",
      "args": [
        "By.cssSelector: ._3wU53n",
        "{\"id\":\"0.7444647177251125-29\"}"
      ],
      "result": "getElementText:Apple iPad Pro 128 GB 9.7 inch with Wi-Fi+4G",
      "subLogs": [],
      "duration": 31
    },
    {
      "commandName": "findChildElements",
      "args": [
        "By.cssSelector: ._1UoZlX",
        "{\"using\":\"css selector\",\"id\":\"0.7444647177251125-10\",\"value\":\"._1vC4OE._2rQ-NK\"}"
      ],
      "result": "findChildElements:[id: 0.7444647177251125-30]",
      "subLogs": [],
      "duration": 32
    },
    {
      "commandName": "getElementText",
      "args": [
        "By.cssSelector: ._1vC4OE._2rQ-NK",
        "{\"id\":\"0.7444647177251125-30\"}"
      ],
      "result": "getElementText:₹66,405",
      "subLogs": [],
      "duration": 46
    },
    {
      "commandName": "getCurrentWindowHandle",
      "args": [
        "{}"
      ],
      "result": "CDwindow-32c71c4e-6331-4e66-8dcf-7f5de7868140",
      "subLogs": [],
      "duration": 0
    },
    {
      "commandName": "findElement",
      "args": [
        "{value=//li[text()='Price -- Low to High'], using=xpath}"
      ],
      "result": "id: 0.7444647177251125-31",
      "subLogs": [],
      "duration": 47
    },
    {
      "commandName": "clickElement",
      "args": [
        "By.xpath: //li[text()='Price -- Low to High']",
        "{\"id\":\"0.7444647177251125-31\"}"
      ],
      "result": "clickElement:null",
      "subLogs": [],
      "duration": 264
    },
    {
      "commandName": "findElement",
      "args": [
        "{value=//div[@id='container']/div/div[2]/div[2]/div/div[2]/div/div[3]/div/div/div[1]/a/div[2]/div[1]/div[1], using=xpath}"
      ],
      "result": "no such element: Unable to locate element: {\"method\":\"xpath\",\"selector\":\"//div[@id='container']/div/div[2]/div[2]/div/div[2]/div/div[3]/div/div/div[1]/a/div[2]/div[1]/div[1]\"}\n  (Session info: chrome=58.0.3029.96)\n  (Driver info: chromedriver=2.28.455520 (cc17746adff54984afff480136733114c6b3704b),platform=Windows NT 6.2.9200 x86_64) (WARNING: The server did not provide any stacktrace information)\nCommand duration or timeout: 57 milliseconds\nFor documentation on this error, please visit: http://seleniumhq.org/exceptions/no_such_element.html\nBuild info: version: '2.53.1', revision: 'a36b8b1cd5757287168e54b817830adce9b0158d', time: '2016-06-30 19:26:09'\nSystem info: host: 'ICPL11484', ip: '10.11.30.153', os.name: 'Windows 8', os.arch: 'amd64', os.version: '6.2', java.version: '1.8.0_111'\nDriver info: com.qmetry.qaf.automation.ui.webdriver.QAFExtendedWebDriver\nCapabilities [{applicationCacheEnabled=false, rotatable=false, mobileEmulationEnabled=false, networkConnectionEnabled=false, chrome={chromedriverVersion=2.28.455520 (cc17746adff54984afff480136733114c6b3704b), userDataDir=C:\\Users\\RAJESW~1.ALL\\AppData\\Local\\Temp\\scoped_dir7048_27385}, takesHeapSnapshot=true, pageLoadStrategy=normal, databaseEnabled=false, handlesAlerts=true, hasTouchScreen=false, version=58.0.3029.96, platform=WIN8, browserConnectionEnabled=false, nativeEvents=true, acceptSslCerts=true, locationContextEnabled=true, webStorageEnabled=true, browserName=chrome, takesScreenshot=true, javascriptEnabled=true, cssSelectorsEnabled=true, unexpectedAlertBehaviour=}]\nSession ID: 2246414979f07e33f90b8314a6759c49\n*** Element info: {Using=xpath, value=//div[@id='container']/div/div[2]/div[2]/div/div[2]/div/div[3]/div/div/div[1]/a/div[2]/div[1]/div[1]}",
      "subLogs": [],
      "duration": 57
    },
    {
      "commandName": "findElement",
      "args": [
        "{value=//div[@id='container']/div/div[2]/div[2]/div/div[2]/div/div[3]/div/div/div[1]/a/div[2]/div[1]/div[1], using=xpath}"
      ],
      "result": "id: 0.7444647177251125-32",
      "subLogs": [],
      "duration": 216
    },
    {
      "commandName": "getElementText",
      "args": [
        "By.xpath: //div[@id='container']/div/div[2]/div[2]/div/div[2]/div/div[3]/div/div/div[1]/a/div[2]/div[1]/div[1]",
        "{\"id\":\"0.7444647177251125-32\"}"
      ],
      "result": "getElementText:Apple iPad 32 GB 9.7 inch with Wi-Fi Only",
      "subLogs": [],
      "duration": 338
    },
    {
      "commandName": "findElements",
      "args": [
        "{value=//div[@id='container']/div/div[2]/div[2]/div/div[2]/div/div[3]/div/div/div[1]/a/div[2]/div[1]/div[4]/ul/li, using=xpath}"
      ],
      "result": "[id: 0.7444647177251125-33, id: 0.7444647177251125-34, id: 0.7444647177251125-35, id: 0.7444647177251125-36, id: 0.7444647177251125-37, id: 0.7444647177251125-38]",
      "subLogs": [],
      "duration": 87
    },
    {
      "commandName": "getElementText",
      "args": [
        "By.xpath: //div[@id='container']/div/div[2]/div[2]/div/div[2]/div/div[3]/div/div/div[1]/a/div[2]/div[1]/div[4]/ul/li",
        "{\"id\":\"0.7444647177251125-33\"}"
      ],
      "result": "getElementText:9.7 Retina display for stunning detail",
      "subLogs": [],
      "duration": 32
    },
    {
      "commandName": "getElementText",
      "args": [
        "By.xpath: //div[@id='container']/div/div[2]/div[2]/div/div[2]/div/div[3]/div/div/div[1]/a/div[2]/div[1]/div[4]/ul/li",
        "{\"id\":\"0.7444647177251125-34\"}"
      ],
      "result": "getElementText:32 GB ROM Can Store Upto 8000 Photos",
      "subLogs": [],
      "duration": 48
    },
    {
      "commandName": "getElementText",
      "args": [
        "By.xpath: //div[@id='container']/div/div[2]/div[2]/div/div[2]/div/div[3]/div/div/div[1]/a/div[2]/div[1]/div[4]/ul/li",
        "{\"id\":\"0.7444647177251125-35\"}"
      ],
      "result": "getElementText:8 MP Primary Camera | 1.2 MP Front",
      "subLogs": [],
      "duration": 46
    },
    {
      "commandName": "getElementText",
      "args": [
        "By.xpath: //div[@id='container']/div/div[2]/div[2]/div/div[2]/div/div[3]/div/div/div[1]/a/div[2]/div[1]/div[4]/ul/li",
        "{\"id\":\"0.7444647177251125-36\"}"
      ],
      "result": "getElementText:iOS 10 World's Most Advanced OS",
      "subLogs": [],
      "duration": 47
    },
    {
      "commandName": "getElementText",
      "args": [
        "By.xpath: //div[@id='container']/div/div[2]/div[2]/div/div[2]/div/div[3]/div/div/div[1]/a/div[2]/div[1]/div[4]/ul/li",
        "{\"id\":\"0.7444647177251125-37\"}"
      ],
      "result": "getElementText:Battery: Lithium Polymer Upto 10 hours of Multimedia Usage",
      "subLogs": [],
      "duration": 32
    },
    {
      "commandName": "getElementText",
      "args": [
        "By.xpath: //div[@id='container']/div/div[2]/div[2]/div/div[2]/div/div[3]/div/div/div[1]/a/div[2]/div[1]/div[4]/ul/li",
        "{\"id\":\"0.7444647177251125-38\"}"
      ],
      "result": "getElementText:1 Year on Tablet, 6 Months on Accessories",
      "subLogs": [],
      "duration": 46
    },
    {
      "commandName": "findElement",
      "args": [
        "{value=//div[@id='container']/div/div[2]/div[2]/div/div[2]/div/div[3]/div/div/div[1]/a/div[2]/div[1]/div[1], using=xpath}"
      ],
      "result": "id: 0.7444647177251125-32",
      "subLogs": [],
      "duration": 32
    },
    {
      "commandName": "clickElement",
      "args": [
        "By.xpath: //div[@id='container']/div/div[2]/div[2]/div/div[2]/div/div[3]/div/div/div[1]/a/div[2]/div[1]/div[1]",
        "{\"id\":\"0.7444647177251125-32\"}"
      ],
      "result": "clickElement:null",
      "subLogs": [],
      "duration": 158
    },
    {
      "commandName": "findElement",
      "args": [
        "{value=//div[@class='_12-hHd']/descendant::button[1], using=xpath}"
      ],
      "result": "no such element: Unable to locate element: {\"method\":\"xpath\",\"selector\":\"//div[@class='_12-hHd']/descendant::button[1]\"}\n  (Session info: chrome=58.0.3029.96)\n  (Driver info: chromedriver=2.28.455520 (cc17746adff54984afff480136733114c6b3704b),platform=Windows NT 6.2.9200 x86_64) (WARNING: The server did not provide any stacktrace information)\nCommand duration or timeout: 215 milliseconds\nFor documentation on this error, please visit: http://seleniumhq.org/exceptions/no_such_element.html\nBuild info: version: '2.53.1', revision: 'a36b8b1cd5757287168e54b817830adce9b0158d', time: '2016-06-30 19:26:09'\nSystem info: host: 'ICPL11484', ip: '10.11.30.153', os.name: 'Windows 8', os.arch: 'amd64', os.version: '6.2', java.version: '1.8.0_111'\nDriver info: com.qmetry.qaf.automation.ui.webdriver.QAFExtendedWebDriver\nCapabilities [{applicationCacheEnabled=false, rotatable=false, mobileEmulationEnabled=false, networkConnectionEnabled=false, chrome={chromedriverVersion=2.28.455520 (cc17746adff54984afff480136733114c6b3704b), userDataDir=C:\\Users\\RAJESW~1.ALL\\AppData\\Local\\Temp\\scoped_dir7048_27385}, takesHeapSnapshot=true, pageLoadStrategy=normal, databaseEnabled=false, handlesAlerts=true, hasTouchScreen=false, version=58.0.3029.96, platform=WIN8, browserConnectionEnabled=false, nativeEvents=true, acceptSslCerts=true, locationContextEnabled=true, webStorageEnabled=true, browserName=chrome, takesScreenshot=true, javascriptEnabled=true, cssSelectorsEnabled=true, unexpectedAlertBehaviour=}]\nSession ID: 2246414979f07e33f90b8314a6759c49\n*** Element info: {Using=xpath, value=//div[@class='_12-hHd']/descendant::button[1]}",
      "subLogs": [],
      "duration": 215
    },
    {
      "commandName": "findElement",
      "args": [
        "{value=//div[@class='_12-hHd']/descendant::button[1], using=xpath}"
      ],
      "result": "no such element: Unable to locate element: {\"method\":\"xpath\",\"selector\":\"//div[@class='_12-hHd']/descendant::button[1]\"}\n  (Session info: chrome=58.0.3029.96)\n  (Driver info: chromedriver=2.28.455520 (cc17746adff54984afff480136733114c6b3704b),platform=Windows NT 6.2.9200 x86_64) (WARNING: The server did not provide any stacktrace information)\nCommand duration or timeout: 29 milliseconds\nFor documentation on this error, please visit: http://seleniumhq.org/exceptions/no_such_element.html\nBuild info: version: '2.53.1', revision: 'a36b8b1cd5757287168e54b817830adce9b0158d', time: '2016-06-30 19:26:09'\nSystem info: host: 'ICPL11484', ip: '10.11.30.153', os.name: 'Windows 8', os.arch: 'amd64', os.version: '6.2', java.version: '1.8.0_111'\nDriver info: com.qmetry.qaf.automation.ui.webdriver.QAFExtendedWebDriver\nCapabilities [{applicationCacheEnabled=false, rotatable=false, mobileEmulationEnabled=false, networkConnectionEnabled=false, chrome={chromedriverVersion=2.28.455520 (cc17746adff54984afff480136733114c6b3704b), userDataDir=C:\\Users\\RAJESW~1.ALL\\AppData\\Local\\Temp\\scoped_dir7048_27385}, takesHeapSnapshot=true, pageLoadStrategy=normal, databaseEnabled=false, handlesAlerts=true, hasTouchScreen=false, version=58.0.3029.96, platform=WIN8, browserConnectionEnabled=false, nativeEvents=true, acceptSslCerts=true, locationContextEnabled=true, webStorageEnabled=true, browserName=chrome, takesScreenshot=true, javascriptEnabled=true, cssSelectorsEnabled=true, unexpectedAlertBehaviour=}]\nSession ID: 2246414979f07e33f90b8314a6759c49\n*** Element info: {Using=xpath, value=//div[@class='_12-hHd']/descendant::button[1]}",
      "subLogs": [],
      "duration": 29
    },
    {
      "commandName": "findElement",
      "args": [
        "{value=//div[@class='_12-hHd']/descendant::button[1], using=xpath}"
      ],
      "result": "no such element: Unable to locate element: {\"method\":\"xpath\",\"selector\":\"//div[@class='_12-hHd']/descendant::button[1]\"}\n  (Session info: chrome=58.0.3029.96)\n  (Driver info: chromedriver=2.28.455520 (cc17746adff54984afff480136733114c6b3704b),platform=Windows NT 6.2.9200 x86_64) (WARNING: The server did not provide any stacktrace information)\nCommand duration or timeout: 25 milliseconds\nFor documentation on this error, please visit: http://seleniumhq.org/exceptions/no_such_element.html\nBuild info: version: '2.53.1', revision: 'a36b8b1cd5757287168e54b817830adce9b0158d', time: '2016-06-30 19:26:09'\nSystem info: host: 'ICPL11484', ip: '10.11.30.153', os.name: 'Windows 8', os.arch: 'amd64', os.version: '6.2', java.version: '1.8.0_111'\nDriver info: com.qmetry.qaf.automation.ui.webdriver.QAFExtendedWebDriver\nCapabilities [{applicationCacheEnabled=false, rotatable=false, mobileEmulationEnabled=false, networkConnectionEnabled=false, chrome={chromedriverVersion=2.28.455520 (cc17746adff54984afff480136733114c6b3704b), userDataDir=C:\\Users\\RAJESW~1.ALL\\AppData\\Local\\Temp\\scoped_dir7048_27385}, takesHeapSnapshot=true, pageLoadStrategy=normal, databaseEnabled=false, handlesAlerts=true, hasTouchScreen=false, version=58.0.3029.96, platform=WIN8, browserConnectionEnabled=false, nativeEvents=true, acceptSslCerts=true, locationContextEnabled=true, webStorageEnabled=true, browserName=chrome, takesScreenshot=true, javascriptEnabled=true, cssSelectorsEnabled=true, unexpectedAlertBehaviour=}]\nSession ID: 2246414979f07e33f90b8314a6759c49\n*** Element info: {Using=xpath, value=//div[@class='_12-hHd']/descendant::button[1]}",
      "subLogs": [],
      "duration": 25
    },
    {
      "commandName": "findElement",
      "args": [
        "{value=//div[@class='_12-hHd']/descendant::button[1], using=xpath}"
      ],
      "result": "no such element: Unable to locate element: {\"method\":\"xpath\",\"selector\":\"//div[@class='_12-hHd']/descendant::button[1]\"}\n  (Session info: chrome=58.0.3029.96)\n  (Driver info: chromedriver=2.28.455520 (cc17746adff54984afff480136733114c6b3704b),platform=Windows NT 6.2.9200 x86_64) (WARNING: The server did not provide any stacktrace information)\nCommand duration or timeout: 30 milliseconds\nFor documentation on this error, please visit: http://seleniumhq.org/exceptions/no_such_element.html\nBuild info: version: '2.53.1', revision: 'a36b8b1cd5757287168e54b817830adce9b0158d', time: '2016-06-30 19:26:09'\nSystem info: host: 'ICPL11484', ip: '10.11.30.153', os.name: 'Windows 8', os.arch: 'amd64', os.version: '6.2', java.version: '1.8.0_111'\nDriver info: com.qmetry.qaf.automation.ui.webdriver.QAFExtendedWebDriver\nCapabilities [{applicationCacheEnabled=false, rotatable=false, mobileEmulationEnabled=false, networkConnectionEnabled=false, chrome={chromedriverVersion=2.28.455520 (cc17746adff54984afff480136733114c6b3704b), userDataDir=C:\\Users\\RAJESW~1.ALL\\AppData\\Local\\Temp\\scoped_dir7048_27385}, takesHeapSnapshot=true, pageLoadStrategy=normal, databaseEnabled=false, handlesAlerts=true, hasTouchScreen=false, version=58.0.3029.96, platform=WIN8, browserConnectionEnabled=false, nativeEvents=true, acceptSslCerts=true, locationContextEnabled=true, webStorageEnabled=true, browserName=chrome, takesScreenshot=true, javascriptEnabled=true, cssSelectorsEnabled=true, unexpectedAlertBehaviour=}]\nSession ID: 2246414979f07e33f90b8314a6759c49\n*** Element info: {Using=xpath, value=//div[@class='_12-hHd']/descendant::button[1]}",
      "subLogs": [],
      "duration": 30
    },
    {
      "commandName": "findElement",
      "args": [
        "{value=//div[@class='_12-hHd']/descendant::button[1], using=xpath}"
      ],
      "result": "no such element: Unable to locate element: {\"method\":\"xpath\",\"selector\":\"//div[@class='_12-hHd']/descendant::button[1]\"}\n  (Session info: chrome=58.0.3029.96)\n  (Driver info: chromedriver=2.28.455520 (cc17746adff54984afff480136733114c6b3704b),platform=Windows NT 6.2.9200 x86_64) (WARNING: The server did not provide any stacktrace information)\nCommand duration or timeout: 16 milliseconds\nFor documentation on this error, please visit: http://seleniumhq.org/exceptions/no_such_element.html\nBuild info: version: '2.53.1', revision: 'a36b8b1cd5757287168e54b817830adce9b0158d', time: '2016-06-30 19:26:09'\nSystem info: host: 'ICPL11484', ip: '10.11.30.153', os.name: 'Windows 8', os.arch: 'amd64', os.version: '6.2', java.version: '1.8.0_111'\nDriver info: com.qmetry.qaf.automation.ui.webdriver.QAFExtendedWebDriver\nCapabilities [{applicationCacheEnabled=false, rotatable=false, mobileEmulationEnabled=false, networkConnectionEnabled=false, chrome={chromedriverVersion=2.28.455520 (cc17746adff54984afff480136733114c6b3704b), userDataDir=C:\\Users\\RAJESW~1.ALL\\AppData\\Local\\Temp\\scoped_dir7048_27385}, takesHeapSnapshot=true, pageLoadStrategy=normal, databaseEnabled=false, handlesAlerts=true, hasTouchScreen=false, version=58.0.3029.96, platform=WIN8, browserConnectionEnabled=false, nativeEvents=true, acceptSslCerts=true, locationContextEnabled=true, webStorageEnabled=true, browserName=chrome, takesScreenshot=true, javascriptEnabled=true, cssSelectorsEnabled=true, unexpectedAlertBehaviour=}]\nSession ID: 2246414979f07e33f90b8314a6759c49\n*** Element info: {Using=xpath, value=//div[@class='_12-hHd']/descendant::button[1]}",
      "subLogs": [],
      "duration": 16
    },
    {
      "commandName": "findElement",
      "args": [
        "{value=//div[@class='_12-hHd']/descendant::button[1], using=xpath}"
      ],
      "result": "no such element: Unable to locate element: {\"method\":\"xpath\",\"selector\":\"//div[@class='_12-hHd']/descendant::button[1]\"}\n  (Session info: chrome=58.0.3029.96)\n  (Driver info: chromedriver=2.28.455520 (cc17746adff54984afff480136733114c6b3704b),platform=Windows NT 6.2.9200 x86_64) (WARNING: The server did not provide any stacktrace information)\nCommand duration or timeout: 31 milliseconds\nFor documentation on this error, please visit: http://seleniumhq.org/exceptions/no_such_element.html\nBuild info: version: '2.53.1', revision: 'a36b8b1cd5757287168e54b817830adce9b0158d', time: '2016-06-30 19:26:09'\nSystem info: host: 'ICPL11484', ip: '10.11.30.153', os.name: 'Windows 8', os.arch: 'amd64', os.version: '6.2', java.version: '1.8.0_111'\nDriver info: com.qmetry.qaf.automation.ui.webdriver.QAFExtendedWebDriver\nCapabilities [{applicationCacheEnabled=false, rotatable=false, mobileEmulationEnabled=false, networkConnectionEnabled=false, chrome={chromedriverVersion=2.28.455520 (cc17746adff54984afff480136733114c6b3704b), userDataDir=C:\\Users\\RAJESW~1.ALL\\AppData\\Local\\Temp\\scoped_dir7048_27385}, takesHeapSnapshot=true, pageLoadStrategy=normal, databaseEnabled=false, handlesAlerts=true, hasTouchScreen=false, version=58.0.3029.96, platform=WIN8, browserConnectionEnabled=false, nativeEvents=true, acceptSslCerts=true, locationContextEnabled=true, webStorageEnabled=true, browserName=chrome, takesScreenshot=true, javascriptEnabled=true, cssSelectorsEnabled=true, unexpectedAlertBehaviour=}]\nSession ID: 2246414979f07e33f90b8314a6759c49\n*** Element info: {Using=xpath, value=//div[@class='_12-hHd']/descendant::button[1]}",
      "subLogs": [],
      "duration": 31
    },
    {
      "commandName": "findElement",
      "args": [
        "{value=//div[@class='_12-hHd']/descendant::button[1], using=xpath}"
      ],
      "result": "no such element: Unable to locate element: {\"method\":\"xpath\",\"selector\":\"//div[@class='_12-hHd']/descendant::button[1]\"}\n  (Session info: chrome=58.0.3029.96)\n  (Driver info: chromedriver=2.28.455520 (cc17746adff54984afff480136733114c6b3704b),platform=Windows NT 6.2.9200 x86_64) (WARNING: The server did not provide any stacktrace information)\nCommand duration or timeout: 16 milliseconds\nFor documentation on this error, please visit: http://seleniumhq.org/exceptions/no_such_element.html\nBuild info: version: '2.53.1', revision: 'a36b8b1cd5757287168e54b817830adce9b0158d', time: '2016-06-30 19:26:09'\nSystem info: host: 'ICPL11484', ip: '10.11.30.153', os.name: 'Windows 8', os.arch: 'amd64', os.version: '6.2', java.version: '1.8.0_111'\nDriver info: com.qmetry.qaf.automation.ui.webdriver.QAFExtendedWebDriver\nCapabilities [{applicationCacheEnabled=false, rotatable=false, mobileEmulationEnabled=false, networkConnectionEnabled=false, chrome={chromedriverVersion=2.28.455520 (cc17746adff54984afff480136733114c6b3704b), userDataDir=C:\\Users\\RAJESW~1.ALL\\AppData\\Local\\Temp\\scoped_dir7048_27385}, takesHeapSnapshot=true, pageLoadStrategy=normal, databaseEnabled=false, handlesAlerts=true, hasTouchScreen=false, version=58.0.3029.96, platform=WIN8, browserConnectionEnabled=false, nativeEvents=true, acceptSslCerts=true, locationContextEnabled=true, webStorageEnabled=true, browserName=chrome, takesScreenshot=true, javascriptEnabled=true, cssSelectorsEnabled=true, unexpectedAlertBehaviour=}]\nSession ID: 2246414979f07e33f90b8314a6759c49\n*** Element info: {Using=xpath, value=//div[@class='_12-hHd']/descendant::button[1]}",
      "subLogs": [],
      "duration": 16
    },
    {
      "commandName": "findElement",
      "args": [
        "{value=//div[@class='_12-hHd']/descendant::button[1], using=xpath}"
      ],
      "result": "no such element: Unable to locate element: {\"method\":\"xpath\",\"selector\":\"//div[@class='_12-hHd']/descendant::button[1]\"}\n  (Session info: chrome=58.0.3029.96)\n  (Driver info: chromedriver=2.28.455520 (cc17746adff54984afff480136733114c6b3704b),platform=Windows NT 6.2.9200 x86_64) (WARNING: The server did not provide any stacktrace information)\nCommand duration or timeout: 31 milliseconds\nFor documentation on this error, please visit: http://seleniumhq.org/exceptions/no_such_element.html\nBuild info: version: '2.53.1', revision: 'a36b8b1cd5757287168e54b817830adce9b0158d', time: '2016-06-30 19:26:09'\nSystem info: host: 'ICPL11484', ip: '10.11.30.153', os.name: 'Windows 8', os.arch: 'amd64', os.version: '6.2', java.version: '1.8.0_111'\nDriver info: com.qmetry.qaf.automation.ui.webdriver.QAFExtendedWebDriver\nCapabilities [{applicationCacheEnabled=false, rotatable=false, mobileEmulationEnabled=false, networkConnectionEnabled=false, chrome={chromedriverVersion=2.28.455520 (cc17746adff54984afff480136733114c6b3704b), userDataDir=C:\\Users\\RAJESW~1.ALL\\AppData\\Local\\Temp\\scoped_dir7048_27385}, takesHeapSnapshot=true, pageLoadStrategy=normal, databaseEnabled=false, handlesAlerts=true, hasTouchScreen=false, version=58.0.3029.96, platform=WIN8, browserConnectionEnabled=false, nativeEvents=true, acceptSslCerts=true, locationContextEnabled=true, webStorageEnabled=true, browserName=chrome, takesScreenshot=true, javascriptEnabled=true, cssSelectorsEnabled=true, unexpectedAlertBehaviour=}]\nSession ID: 2246414979f07e33f90b8314a6759c49\n*** Element info: {Using=xpath, value=//div[@class='_12-hHd']/descendant::button[1]}",
      "subLogs": [],
      "duration": 31
    },
    {
      "commandName": "findElement",
      "args": [
        "{value=//div[@class='_12-hHd']/descendant::button[1], using=xpath}"
      ],
      "result": "no such element: Unable to locate element: {\"method\":\"xpath\",\"selector\":\"//div[@class='_12-hHd']/descendant::button[1]\"}\n  (Session info: chrome=58.0.3029.96)\n  (Driver info: chromedriver=2.28.455520 (cc17746adff54984afff480136733114c6b3704b),platform=Windows NT 6.2.9200 x86_64) (WARNING: The server did not provide any stacktrace information)\nCommand duration or timeout: 16 milliseconds\nFor documentation on this error, please visit: http://seleniumhq.org/exceptions/no_such_element.html\nBuild info: version: '2.53.1', revision: 'a36b8b1cd5757287168e54b817830adce9b0158d', time: '2016-06-30 19:26:09'\nSystem info: host: 'ICPL11484', ip: '10.11.30.153', os.name: 'Windows 8', os.arch: 'amd64', os.version: '6.2', java.version: '1.8.0_111'\nDriver info: com.qmetry.qaf.automation.ui.webdriver.QAFExtendedWebDriver\nCapabilities [{applicationCacheEnabled=false, rotatable=false, mobileEmulationEnabled=false, networkConnectionEnabled=false, chrome={chromedriverVersion=2.28.455520 (cc17746adff54984afff480136733114c6b3704b), userDataDir=C:\\Users\\RAJESW~1.ALL\\AppData\\Local\\Temp\\scoped_dir7048_27385}, takesHeapSnapshot=true, pageLoadStrategy=normal, databaseEnabled=false, handlesAlerts=true, hasTouchScreen=false, version=58.0.3029.96, platform=WIN8, browserConnectionEnabled=false, nativeEvents=true, acceptSslCerts=true, locationContextEnabled=true, webStorageEnabled=true, browserName=chrome, takesScreenshot=true, javascriptEnabled=true, cssSelectorsEnabled=true, unexpectedAlertBehaviour=}]\nSession ID: 2246414979f07e33f90b8314a6759c49\n*** Element info: {Using=xpath, value=//div[@class='_12-hHd']/descendant::button[1]}",
      "subLogs": [],
      "duration": 16
    },
    {
      "commandName": "findElement",
      "args": [
        "{value=//div[@class='_12-hHd']/descendant::button[1], using=xpath}"
      ],
      "result": "no such element: Unable to locate element: {\"method\":\"xpath\",\"selector\":\"//div[@class='_12-hHd']/descendant::button[1]\"}\n  (Session info: chrome=58.0.3029.96)\n  (Driver info: chromedriver=2.28.455520 (cc17746adff54984afff480136733114c6b3704b),platform=Windows NT 6.2.9200 x86_64) (WARNING: The server did not provide any stacktrace information)\nCommand duration or timeout: 15 milliseconds\nFor documentation on this error, please visit: http://seleniumhq.org/exceptions/no_such_element.html\nBuild info: version: '2.53.1', revision: 'a36b8b1cd5757287168e54b817830adce9b0158d', time: '2016-06-30 19:26:09'\nSystem info: host: 'ICPL11484', ip: '10.11.30.153', os.name: 'Windows 8', os.arch: 'amd64', os.version: '6.2', java.version: '1.8.0_111'\nDriver info: com.qmetry.qaf.automation.ui.webdriver.QAFExtendedWebDriver\nCapabilities [{applicationCacheEnabled=false, rotatable=false, mobileEmulationEnabled=false, networkConnectionEnabled=false, chrome={chromedriverVersion=2.28.455520 (cc17746adff54984afff480136733114c6b3704b), userDataDir=C:\\Users\\RAJESW~1.ALL\\AppData\\Local\\Temp\\scoped_dir7048_27385}, takesHeapSnapshot=true, pageLoadStrategy=normal, databaseEnabled=false, handlesAlerts=true, hasTouchScreen=false, version=58.0.3029.96, platform=WIN8, browserConnectionEnabled=false, nativeEvents=true, acceptSslCerts=true, locationContextEnabled=true, webStorageEnabled=true, browserName=chrome, takesScreenshot=true, javascriptEnabled=true, cssSelectorsEnabled=true, unexpectedAlertBehaviour=}]\nSession ID: 2246414979f07e33f90b8314a6759c49\n*** Element info: {Using=xpath, value=//div[@class='_12-hHd']/descendant::button[1]}",
      "subLogs": [],
      "duration": 15
    },
    {
      "commandName": "findElement",
      "args": [
        "{value=//div[@class='_12-hHd']/descendant::button[1], using=xpath}"
      ],
      "result": "no such element: Unable to locate element: {\"method\":\"xpath\",\"selector\":\"//div[@class='_12-hHd']/descendant::button[1]\"}\n  (Session info: chrome=58.0.3029.96)\n  (Driver info: chromedriver=2.28.455520 (cc17746adff54984afff480136733114c6b3704b),platform=Windows NT 6.2.9200 x86_64) (WARNING: The server did not provide any stacktrace information)\nCommand duration or timeout: 16 milliseconds\nFor documentation on this error, please visit: http://seleniumhq.org/exceptions/no_such_element.html\nBuild info: version: '2.53.1', revision: 'a36b8b1cd5757287168e54b817830adce9b0158d', time: '2016-06-30 19:26:09'\nSystem info: host: 'ICPL11484', ip: '10.11.30.153', os.name: 'Windows 8', os.arch: 'amd64', os.version: '6.2', java.version: '1.8.0_111'\nDriver info: com.qmetry.qaf.automation.ui.webdriver.QAFExtendedWebDriver\nCapabilities [{applicationCacheEnabled=false, rotatable=false, mobileEmulationEnabled=false, networkConnectionEnabled=false, chrome={chromedriverVersion=2.28.455520 (cc17746adff54984afff480136733114c6b3704b), userDataDir=C:\\Users\\RAJESW~1.ALL\\AppData\\Local\\Temp\\scoped_dir7048_27385}, takesHeapSnapshot=true, pageLoadStrategy=normal, databaseEnabled=false, handlesAlerts=true, hasTouchScreen=false, version=58.0.3029.96, platform=WIN8, browserConnectionEnabled=false, nativeEvents=true, acceptSslCerts=true, locationContextEnabled=true, webStorageEnabled=true, browserName=chrome, takesScreenshot=true, javascriptEnabled=true, cssSelectorsEnabled=true, unexpectedAlertBehaviour=}]\nSession ID: 2246414979f07e33f90b8314a6759c49\n*** Element info: {Using=xpath, value=//div[@class='_12-hHd']/descendant::button[1]}",
      "subLogs": [],
      "duration": 16
    },
    {
      "commandName": "findElement",
      "args": [
        "{value=//div[@class='_12-hHd']/descendant::button[1], using=xpath}"
      ],
      "result": "no such element: Unable to locate element: {\"method\":\"xpath\",\"selector\":\"//div[@class='_12-hHd']/descendant::button[1]\"}\n  (Session info: chrome=58.0.3029.96)\n  (Driver info: chromedriver=2.28.455520 (cc17746adff54984afff480136733114c6b3704b),platform=Windows NT 6.2.9200 x86_64) (WARNING: The server did not provide any stacktrace information)\nCommand duration or timeout: 51 milliseconds\nFor documentation on this error, please visit: http://seleniumhq.org/exceptions/no_such_element.html\nBuild info: version: '2.53.1', revision: 'a36b8b1cd5757287168e54b817830adce9b0158d', time: '2016-06-30 19:26:09'\nSystem info: host: 'ICPL11484', ip: '10.11.30.153', os.name: 'Windows 8', os.arch: 'amd64', os.version: '6.2', java.version: '1.8.0_111'\nDriver info: com.qmetry.qaf.automation.ui.webdriver.QAFExtendedWebDriver\nCapabilities [{applicationCacheEnabled=false, rotatable=false, mobileEmulationEnabled=false, networkConnectionEnabled=false, chrome={chromedriverVersion=2.28.455520 (cc17746adff54984afff480136733114c6b3704b), userDataDir=C:\\Users\\RAJESW~1.ALL\\AppData\\Local\\Temp\\scoped_dir7048_27385}, takesHeapSnapshot=true, pageLoadStrategy=normal, databaseEnabled=false, handlesAlerts=true, hasTouchScreen=false, version=58.0.3029.96, platform=WIN8, browserConnectionEnabled=false, nativeEvents=true, acceptSslCerts=true, locationContextEnabled=true, webStorageEnabled=true, browserName=chrome, takesScreenshot=true, javascriptEnabled=true, cssSelectorsEnabled=true, unexpectedAlertBehaviour=}]\nSession ID: 2246414979f07e33f90b8314a6759c49\n*** Element info: {Using=xpath, value=//div[@class='_12-hHd']/descendant::button[1]}",
      "subLogs": [],
      "duration": 51
    },
    {
      "commandName": "findElement",
      "args": [
        "{value=//div[@class='_12-hHd']/descendant::button[1], using=xpath}"
      ],
      "result": "no such element: Unable to locate element: {\"method\":\"xpath\",\"selector\":\"//div[@class='_12-hHd']/descendant::button[1]\"}\n  (Session info: chrome=58.0.3029.96)\n  (Driver info: chromedriver=2.28.455520 (cc17746adff54984afff480136733114c6b3704b),platform=Windows NT 6.2.9200 x86_64) (WARNING: The server did not provide any stacktrace information)\nCommand duration or timeout: 32 milliseconds\nFor documentation on this error, please visit: http://seleniumhq.org/exceptions/no_such_element.html\nBuild info: version: '2.53.1', revision: 'a36b8b1cd5757287168e54b817830adce9b0158d', time: '2016-06-30 19:26:09'\nSystem info: host: 'ICPL11484', ip: '10.11.30.153', os.name: 'Windows 8', os.arch: 'amd64', os.version: '6.2', java.version: '1.8.0_111'\nDriver info: com.qmetry.qaf.automation.ui.webdriver.QAFExtendedWebDriver\nCapabilities [{applicationCacheEnabled=false, rotatable=false, mobileEmulationEnabled=false, networkConnectionEnabled=false, chrome={chromedriverVersion=2.28.455520 (cc17746adff54984afff480136733114c6b3704b), userDataDir=C:\\Users\\RAJESW~1.ALL\\AppData\\Local\\Temp\\scoped_dir7048_27385}, takesHeapSnapshot=true, pageLoadStrategy=normal, databaseEnabled=false, handlesAlerts=true, hasTouchScreen=false, version=58.0.3029.96, platform=WIN8, browserConnectionEnabled=false, nativeEvents=true, acceptSslCerts=true, locationContextEnabled=true, webStorageEnabled=true, browserName=chrome, takesScreenshot=true, javascriptEnabled=true, cssSelectorsEnabled=true, unexpectedAlertBehaviour=}]\nSession ID: 2246414979f07e33f90b8314a6759c49\n*** Element info: {Using=xpath, value=//div[@class='_12-hHd']/descendant::button[1]}",
      "subLogs": [],
      "duration": 32
    },
    {
      "commandName": "findElement",
      "args": [
        "{value=//div[@class='_12-hHd']/descendant::button[1], using=xpath}"
      ],
      "result": "no such element: Unable to locate element: {\"method\":\"xpath\",\"selector\":\"//div[@class='_12-hHd']/descendant::button[1]\"}\n  (Session info: chrome=58.0.3029.96)\n  (Driver info: chromedriver=2.28.455520 (cc17746adff54984afff480136733114c6b3704b),platform=Windows NT 6.2.9200 x86_64) (WARNING: The server did not provide any stacktrace information)\nCommand duration or timeout: 15 milliseconds\nFor documentation on this error, please visit: http://seleniumhq.org/exceptions/no_such_element.html\nBuild info: version: '2.53.1', revision: 'a36b8b1cd5757287168e54b817830adce9b0158d', time: '2016-06-30 19:26:09'\nSystem info: host: 'ICPL11484', ip: '10.11.30.153', os.name: 'Windows 8', os.arch: 'amd64', os.version: '6.2', java.version: '1.8.0_111'\nDriver info: com.qmetry.qaf.automation.ui.webdriver.QAFExtendedWebDriver\nCapabilities [{applicationCacheEnabled=false, rotatable=false, mobileEmulationEnabled=false, networkConnectionEnabled=false, chrome={chromedriverVersion=2.28.455520 (cc17746adff54984afff480136733114c6b3704b), userDataDir=C:\\Users\\RAJESW~1.ALL\\AppData\\Local\\Temp\\scoped_dir7048_27385}, takesHeapSnapshot=true, pageLoadStrategy=normal, databaseEnabled=false, handlesAlerts=true, hasTouchScreen=false, version=58.0.3029.96, platform=WIN8, browserConnectionEnabled=false, nativeEvents=true, acceptSslCerts=true, locationContextEnabled=true, webStorageEnabled=true, browserName=chrome, takesScreenshot=true, javascriptEnabled=true, cssSelectorsEnabled=true, unexpectedAlertBehaviour=}]\nSession ID: 2246414979f07e33f90b8314a6759c49\n*** Element info: {Using=xpath, value=//div[@class='_12-hHd']/descendant::button[1]}",
      "subLogs": [],
      "duration": 15
    },
    {
      "commandName": "findElement",
      "args": [
        "{value=//div[@class='_12-hHd']/descendant::button[1], using=xpath}"
      ],
      "result": "no such element: Unable to locate element: {\"method\":\"xpath\",\"selector\":\"//div[@class='_12-hHd']/descendant::button[1]\"}\n  (Session info: chrome=58.0.3029.96)\n  (Driver info: chromedriver=2.28.455520 (cc17746adff54984afff480136733114c6b3704b),platform=Windows NT 6.2.9200 x86_64) (WARNING: The server did not provide any stacktrace information)\nCommand duration or timeout: 16 milliseconds\nFor documentation on this error, please visit: http://seleniumhq.org/exceptions/no_such_element.html\nBuild info: version: '2.53.1', revision: 'a36b8b1cd5757287168e54b817830adce9b0158d', time: '2016-06-30 19:26:09'\nSystem info: host: 'ICPL11484', ip: '10.11.30.153', os.name: 'Windows 8', os.arch: 'amd64', os.version: '6.2', java.version: '1.8.0_111'\nDriver info: com.qmetry.qaf.automation.ui.webdriver.QAFExtendedWebDriver\nCapabilities [{applicationCacheEnabled=false, rotatable=false, mobileEmulationEnabled=false, networkConnectionEnabled=false, chrome={chromedriverVersion=2.28.455520 (cc17746adff54984afff480136733114c6b3704b), userDataDir=C:\\Users\\RAJESW~1.ALL\\AppData\\Local\\Temp\\scoped_dir7048_27385}, takesHeapSnapshot=true, pageLoadStrategy=normal, databaseEnabled=false, handlesAlerts=true, hasTouchScreen=false, version=58.0.3029.96, platform=WIN8, browserConnectionEnabled=false, nativeEvents=true, acceptSslCerts=true, locationContextEnabled=true, webStorageEnabled=true, browserName=chrome, takesScreenshot=true, javascriptEnabled=true, cssSelectorsEnabled=true, unexpectedAlertBehaviour=}]\nSession ID: 2246414979f07e33f90b8314a6759c49\n*** Element info: {Using=xpath, value=//div[@class='_12-hHd']/descendant::button[1]}",
      "subLogs": [],
      "duration": 16
    },
    {
      "commandName": "findElement",
      "args": [
        "{value=//div[@class='_12-hHd']/descendant::button[1], using=xpath}"
      ],
      "result": "no such element: Unable to locate element: {\"method\":\"xpath\",\"selector\":\"//div[@class='_12-hHd']/descendant::button[1]\"}\n  (Session info: chrome=58.0.3029.96)\n  (Driver info: chromedriver=2.28.455520 (cc17746adff54984afff480136733114c6b3704b),platform=Windows NT 6.2.9200 x86_64) (WARNING: The server did not provide any stacktrace information)\nCommand duration or timeout: 16 milliseconds\nFor documentation on this error, please visit: http://seleniumhq.org/exceptions/no_such_element.html\nBuild info: version: '2.53.1', revision: 'a36b8b1cd5757287168e54b817830adce9b0158d', time: '2016-06-30 19:26:09'\nSystem info: host: 'ICPL11484', ip: '10.11.30.153', os.name: 'Windows 8', os.arch: 'amd64', os.version: '6.2', java.version: '1.8.0_111'\nDriver info: com.qmetry.qaf.automation.ui.webdriver.QAFExtendedWebDriver\nCapabilities [{applicationCacheEnabled=false, rotatable=false, mobileEmulationEnabled=false, networkConnectionEnabled=false, chrome={chromedriverVersion=2.28.455520 (cc17746adff54984afff480136733114c6b3704b), userDataDir=C:\\Users\\RAJESW~1.ALL\\AppData\\Local\\Temp\\scoped_dir7048_27385}, takesHeapSnapshot=true, pageLoadStrategy=normal, databaseEnabled=false, handlesAlerts=true, hasTouchScreen=false, version=58.0.3029.96, platform=WIN8, browserConnectionEnabled=false, nativeEvents=true, acceptSslCerts=true, locationContextEnabled=true, webStorageEnabled=true, browserName=chrome, takesScreenshot=true, javascriptEnabled=true, cssSelectorsEnabled=true, unexpectedAlertBehaviour=}]\nSession ID: 2246414979f07e33f90b8314a6759c49\n*** Element info: {Using=xpath, value=//div[@class='_12-hHd']/descendant::button[1]}",
      "subLogs": [],
      "duration": 16
    },
    {
      "commandName": "findElement",
      "args": [
        "{value=//div[@class='_12-hHd']/descendant::button[1], using=xpath}"
      ],
      "result": "no such element: Unable to locate element: {\"method\":\"xpath\",\"selector\":\"//div[@class='_12-hHd']/descendant::button[1]\"}\n  (Session info: chrome=58.0.3029.96)\n  (Driver info: chromedriver=2.28.455520 (cc17746adff54984afff480136733114c6b3704b),platform=Windows NT 6.2.9200 x86_64) (WARNING: The server did not provide any stacktrace information)\nCommand duration or timeout: 46 milliseconds\nFor documentation on this error, please visit: http://seleniumhq.org/exceptions/no_such_element.html\nBuild info: version: '2.53.1', revision: 'a36b8b1cd5757287168e54b817830adce9b0158d', time: '2016-06-30 19:26:09'\nSystem info: host: 'ICPL11484', ip: '10.11.30.153', os.name: 'Windows 8', os.arch: 'amd64', os.version: '6.2', java.version: '1.8.0_111'\nDriver info: com.qmetry.qaf.automation.ui.webdriver.QAFExtendedWebDriver\nCapabilities [{applicationCacheEnabled=false, rotatable=false, mobileEmulationEnabled=false, networkConnectionEnabled=false, chrome={chromedriverVersion=2.28.455520 (cc17746adff54984afff480136733114c6b3704b), userDataDir=C:\\Users\\RAJESW~1.ALL\\AppData\\Local\\Temp\\scoped_dir7048_27385}, takesHeapSnapshot=true, pageLoadStrategy=normal, databaseEnabled=false, handlesAlerts=true, hasTouchScreen=false, version=58.0.3029.96, platform=WIN8, browserConnectionEnabled=false, nativeEvents=true, acceptSslCerts=true, locationContextEnabled=true, webStorageEnabled=true, browserName=chrome, takesScreenshot=true, javascriptEnabled=true, cssSelectorsEnabled=true, unexpectedAlertBehaviour=}]\nSession ID: 2246414979f07e33f90b8314a6759c49\n*** Element info: {Using=xpath, value=//div[@class='_12-hHd']/descendant::button[1]}",
      "subLogs": [],
      "duration": 46
    },
    {
      "commandName": "findElement",
      "args": [
        "{value=//div[@class='_12-hHd']/descendant::button[1], using=xpath}"
      ],
      "result": "no such element: Unable to locate element: {\"method\":\"xpath\",\"selector\":\"//div[@class='_12-hHd']/descendant::button[1]\"}\n  (Session info: chrome=58.0.3029.96)\n  (Driver info: chromedriver=2.28.455520 (cc17746adff54984afff480136733114c6b3704b),platform=Windows NT 6.2.9200 x86_64) (WARNING: The server did not provide any stacktrace information)\nCommand duration or timeout: 16 milliseconds\nFor documentation on this error, please visit: http://seleniumhq.org/exceptions/no_such_element.html\nBuild info: version: '2.53.1', revision: 'a36b8b1cd5757287168e54b817830adce9b0158d', time: '2016-06-30 19:26:09'\nSystem info: host: 'ICPL11484', ip: '10.11.30.153', os.name: 'Windows 8', os.arch: 'amd64', os.version: '6.2', java.version: '1.8.0_111'\nDriver info: com.qmetry.qaf.automation.ui.webdriver.QAFExtendedWebDriver\nCapabilities [{applicationCacheEnabled=false, rotatable=false, mobileEmulationEnabled=false, networkConnectionEnabled=false, chrome={chromedriverVersion=2.28.455520 (cc17746adff54984afff480136733114c6b3704b), userDataDir=C:\\Users\\RAJESW~1.ALL\\AppData\\Local\\Temp\\scoped_dir7048_27385}, takesHeapSnapshot=true, pageLoadStrategy=normal, databaseEnabled=false, handlesAlerts=true, hasTouchScreen=false, version=58.0.3029.96, platform=WIN8, browserConnectionEnabled=false, nativeEvents=true, acceptSslCerts=true, locationContextEnabled=true, webStorageEnabled=true, browserName=chrome, takesScreenshot=true, javascriptEnabled=true, cssSelectorsEnabled=true, unexpectedAlertBehaviour=}]\nSession ID: 2246414979f07e33f90b8314a6759c49\n*** Element info: {Using=xpath, value=//div[@class='_12-hHd']/descendant::button[1]}",
      "subLogs": [],
      "duration": 16
    },
    {
      "commandName": "findElement",
      "args": [
        "{value=//div[@class='_12-hHd']/descendant::button[1], using=xpath}"
      ],
      "result": "no such element: Unable to locate element: {\"method\":\"xpath\",\"selector\":\"//div[@class='_12-hHd']/descendant::button[1]\"}\n  (Session info: chrome=58.0.3029.96)\n  (Driver info: chromedriver=2.28.455520 (cc17746adff54984afff480136733114c6b3704b),platform=Windows NT 6.2.9200 x86_64) (WARNING: The server did not provide any stacktrace information)\nCommand duration or timeout: 16 milliseconds\nFor documentation on this error, please visit: http://seleniumhq.org/exceptions/no_such_element.html\nBuild info: version: '2.53.1', revision: 'a36b8b1cd5757287168e54b817830adce9b0158d', time: '2016-06-30 19:26:09'\nSystem info: host: 'ICPL11484', ip: '10.11.30.153', os.name: 'Windows 8', os.arch: 'amd64', os.version: '6.2', java.version: '1.8.0_111'\nDriver info: com.qmetry.qaf.automation.ui.webdriver.QAFExtendedWebDriver\nCapabilities [{applicationCacheEnabled=false, rotatable=false, mobileEmulationEnabled=false, networkConnectionEnabled=false, chrome={chromedriverVersion=2.28.455520 (cc17746adff54984afff480136733114c6b3704b), userDataDir=C:\\Users\\RAJESW~1.ALL\\AppData\\Local\\Temp\\scoped_dir7048_27385}, takesHeapSnapshot=true, pageLoadStrategy=normal, databaseEnabled=false, handlesAlerts=true, hasTouchScreen=false, version=58.0.3029.96, platform=WIN8, browserConnectionEnabled=false, nativeEvents=true, acceptSslCerts=true, locationContextEnabled=true, webStorageEnabled=true, browserName=chrome, takesScreenshot=true, javascriptEnabled=true, cssSelectorsEnabled=true, unexpectedAlertBehaviour=}]\nSession ID: 2246414979f07e33f90b8314a6759c49\n*** Element info: {Using=xpath, value=//div[@class='_12-hHd']/descendant::button[1]}",
      "subLogs": [],
      "duration": 16
    },
    {
      "commandName": "findElement",
      "args": [
        "{value=//div[@class='_12-hHd']/descendant::button[1], using=xpath}"
      ],
      "result": "no such element: Unable to locate element: {\"method\":\"xpath\",\"selector\":\"//div[@class='_12-hHd']/descendant::button[1]\"}\n  (Session info: chrome=58.0.3029.96)\n  (Driver info: chromedriver=2.28.455520 (cc17746adff54984afff480136733114c6b3704b),platform=Windows NT 6.2.9200 x86_64) (WARNING: The server did not provide any stacktrace information)\nCommand duration or timeout: 31 milliseconds\nFor documentation on this error, please visit: http://seleniumhq.org/exceptions/no_such_element.html\nBuild info: version: '2.53.1', revision: 'a36b8b1cd5757287168e54b817830adce9b0158d', time: '2016-06-30 19:26:09'\nSystem info: host: 'ICPL11484', ip: '10.11.30.153', os.name: 'Windows 8', os.arch: 'amd64', os.version: '6.2', java.version: '1.8.0_111'\nDriver info: com.qmetry.qaf.automation.ui.webdriver.QAFExtendedWebDriver\nCapabilities [{applicationCacheEnabled=false, rotatable=false, mobileEmulationEnabled=false, networkConnectionEnabled=false, chrome={chromedriverVersion=2.28.455520 (cc17746adff54984afff480136733114c6b3704b), userDataDir=C:\\Users\\RAJESW~1.ALL\\AppData\\Local\\Temp\\scoped_dir7048_27385}, takesHeapSnapshot=true, pageLoadStrategy=normal, databaseEnabled=false, handlesAlerts=true, hasTouchScreen=false, version=58.0.3029.96, platform=WIN8, browserConnectionEnabled=false, nativeEvents=true, acceptSslCerts=true, locationContextEnabled=true, webStorageEnabled=true, browserName=chrome, takesScreenshot=true, javascriptEnabled=true, cssSelectorsEnabled=true, unexpectedAlertBehaviour=}]\nSession ID: 2246414979f07e33f90b8314a6759c49\n*** Element info: {Using=xpath, value=//div[@class='_12-hHd']/descendant::button[1]}",
      "subLogs": [],
      "duration": 31
    },
    {
      "commandName": "findElement",
      "args": [
        "{value=//div[@class='_12-hHd']/descendant::button[1], using=xpath}"
      ],
      "result": "no such element: Unable to locate element: {\"method\":\"xpath\",\"selector\":\"//div[@class='_12-hHd']/descendant::button[1]\"}\n  (Session info: chrome=58.0.3029.96)\n  (Driver info: chromedriver=2.28.455520 (cc17746adff54984afff480136733114c6b3704b),platform=Windows NT 6.2.9200 x86_64) (WARNING: The server did not provide any stacktrace information)\nCommand duration or timeout: 16 milliseconds\nFor documentation on this error, please visit: http://seleniumhq.org/exceptions/no_such_element.html\nBuild info: version: '2.53.1', revision: 'a36b8b1cd5757287168e54b817830adce9b0158d', time: '2016-06-30 19:26:09'\nSystem info: host: 'ICPL11484', ip: '10.11.30.153', os.name: 'Windows 8', os.arch: 'amd64', os.version: '6.2', java.version: '1.8.0_111'\nDriver info: com.qmetry.qaf.automation.ui.webdriver.QAFExtendedWebDriver\nCapabilities [{applicationCacheEnabled=false, rotatable=false, mobileEmulationEnabled=false, networkConnectionEnabled=false, chrome={chromedriverVersion=2.28.455520 (cc17746adff54984afff480136733114c6b3704b), userDataDir=C:\\Users\\RAJESW~1.ALL\\AppData\\Local\\Temp\\scoped_dir7048_27385}, takesHeapSnapshot=true, pageLoadStrategy=normal, databaseEnabled=false, handlesAlerts=true, hasTouchScreen=false, version=58.0.3029.96, platform=WIN8, browserConnectionEnabled=false, nativeEvents=true, acceptSslCerts=true, locationContextEnabled=true, webStorageEnabled=true, browserName=chrome, takesScreenshot=true, javascriptEnabled=true, cssSelectorsEnabled=true, unexpectedAlertBehaviour=}]\nSession ID: 2246414979f07e33f90b8314a6759c49\n*** Element info: {Using=xpath, value=//div[@class='_12-hHd']/descendant::button[1]}",
      "subLogs": [],
      "duration": 16
    },
    {
      "commandName": "findElement",
      "args": [
        "{value=//div[@class='_12-hHd']/descendant::button[1], using=xpath}"
      ],
      "result": "no such element: Unable to locate element: {\"method\":\"xpath\",\"selector\":\"//div[@class='_12-hHd']/descendant::button[1]\"}\n  (Session info: chrome=58.0.3029.96)\n  (Driver info: chromedriver=2.28.455520 (cc17746adff54984afff480136733114c6b3704b),platform=Windows NT 6.2.9200 x86_64) (WARNING: The server did not provide any stacktrace information)\nCommand duration or timeout: 16 milliseconds\nFor documentation on this error, please visit: http://seleniumhq.org/exceptions/no_such_element.html\nBuild info: version: '2.53.1', revision: 'a36b8b1cd5757287168e54b817830adce9b0158d', time: '2016-06-30 19:26:09'\nSystem info: host: 'ICPL11484', ip: '10.11.30.153', os.name: 'Windows 8', os.arch: 'amd64', os.version: '6.2', java.version: '1.8.0_111'\nDriver info: com.qmetry.qaf.automation.ui.webdriver.QAFExtendedWebDriver\nCapabilities [{applicationCacheEnabled=false, rotatable=false, mobileEmulationEnabled=false, networkConnectionEnabled=false, chrome={chromedriverVersion=2.28.455520 (cc17746adff54984afff480136733114c6b3704b), userDataDir=C:\\Users\\RAJESW~1.ALL\\AppData\\Local\\Temp\\scoped_dir7048_27385}, takesHeapSnapshot=true, pageLoadStrategy=normal, databaseEnabled=false, handlesAlerts=true, hasTouchScreen=false, version=58.0.3029.96, platform=WIN8, browserConnectionEnabled=false, nativeEvents=true, acceptSslCerts=true, locationContextEnabled=true, webStorageEnabled=true, browserName=chrome, takesScreenshot=true, javascriptEnabled=true, cssSelectorsEnabled=true, unexpectedAlertBehaviour=}]\nSession ID: 2246414979f07e33f90b8314a6759c49\n*** Element info: {Using=xpath, value=//div[@class='_12-hHd']/descendant::button[1]}",
      "subLogs": [],
      "duration": 16
    },
    {
      "commandName": "findElement",
      "args": [
        "{value=//div[@class='_12-hHd']/descendant::button[1], using=xpath}"
      ],
      "result": "no such element: Unable to locate element: {\"method\":\"xpath\",\"selector\":\"//div[@class='_12-hHd']/descendant::button[1]\"}\n  (Session info: chrome=58.0.3029.96)\n  (Driver info: chromedriver=2.28.455520 (cc17746adff54984afff480136733114c6b3704b),platform=Windows NT 6.2.9200 x86_64) (WARNING: The server did not provide any stacktrace information)\nCommand duration or timeout: 16 milliseconds\nFor documentation on this error, please visit: http://seleniumhq.org/exceptions/no_such_element.html\nBuild info: version: '2.53.1', revision: 'a36b8b1cd5757287168e54b817830adce9b0158d', time: '2016-06-30 19:26:09'\nSystem info: host: 'ICPL11484', ip: '10.11.30.153', os.name: 'Windows 8', os.arch: 'amd64', os.version: '6.2', java.version: '1.8.0_111'\nDriver info: com.qmetry.qaf.automation.ui.webdriver.QAFExtendedWebDriver\nCapabilities [{applicationCacheEnabled=false, rotatable=false, mobileEmulationEnabled=false, networkConnectionEnabled=false, chrome={chromedriverVersion=2.28.455520 (cc17746adff54984afff480136733114c6b3704b), userDataDir=C:\\Users\\RAJESW~1.ALL\\AppData\\Local\\Temp\\scoped_dir7048_27385}, takesHeapSnapshot=true, pageLoadStrategy=normal, databaseEnabled=false, handlesAlerts=true, hasTouchScreen=false, version=58.0.3029.96, platform=WIN8, browserConnectionEnabled=false, nativeEvents=true, acceptSslCerts=true, locationContextEnabled=true, webStorageEnabled=true, browserName=chrome, takesScreenshot=true, javascriptEnabled=true, cssSelectorsEnabled=true, unexpectedAlertBehaviour=}]\nSession ID: 2246414979f07e33f90b8314a6759c49\n*** Element info: {Using=xpath, value=//div[@class='_12-hHd']/descendant::button[1]}",
      "subLogs": [],
      "duration": 16
    },
    {
      "commandName": "findElement",
      "args": [
        "{value=//div[@class='_12-hHd']/descendant::button[1], using=xpath}"
      ],
      "result": "no such element: Unable to locate element: {\"method\":\"xpath\",\"selector\":\"//div[@class='_12-hHd']/descendant::button[1]\"}\n  (Session info: chrome=58.0.3029.96)\n  (Driver info: chromedriver=2.28.455520 (cc17746adff54984afff480136733114c6b3704b),platform=Windows NT 6.2.9200 x86_64) (WARNING: The server did not provide any stacktrace information)\nCommand duration or timeout: 31 milliseconds\nFor documentation on this error, please visit: http://seleniumhq.org/exceptions/no_such_element.html\nBuild info: version: '2.53.1', revision: 'a36b8b1cd5757287168e54b817830adce9b0158d', time: '2016-06-30 19:26:09'\nSystem info: host: 'ICPL11484', ip: '10.11.30.153', os.name: 'Windows 8', os.arch: 'amd64', os.version: '6.2', java.version: '1.8.0_111'\nDriver info: com.qmetry.qaf.automation.ui.webdriver.QAFExtendedWebDriver\nCapabilities [{applicationCacheEnabled=false, rotatable=false, mobileEmulationEnabled=false, networkConnectionEnabled=false, chrome={chromedriverVersion=2.28.455520 (cc17746adff54984afff480136733114c6b3704b), userDataDir=C:\\Users\\RAJESW~1.ALL\\AppData\\Local\\Temp\\scoped_dir7048_27385}, takesHeapSnapshot=true, pageLoadStrategy=normal, databaseEnabled=false, handlesAlerts=true, hasTouchScreen=false, version=58.0.3029.96, platform=WIN8, browserConnectionEnabled=false, nativeEvents=true, acceptSslCerts=true, locationContextEnabled=true, webStorageEnabled=true, browserName=chrome, takesScreenshot=true, javascriptEnabled=true, cssSelectorsEnabled=true, unexpectedAlertBehaviour=}]\nSession ID: 2246414979f07e33f90b8314a6759c49\n*** Element info: {Using=xpath, value=//div[@class='_12-hHd']/descendant::button[1]}",
      "subLogs": [],
      "duration": 31
    },
    {
      "commandName": "findElement",
      "args": [
        "{value=//div[@class='_12-hHd']/descendant::button[1], using=xpath}"
      ],
      "result": "no such element: Unable to locate element: {\"method\":\"xpath\",\"selector\":\"//div[@class='_12-hHd']/descendant::button[1]\"}\n  (Session info: chrome=58.0.3029.96)\n  (Driver info: chromedriver=2.28.455520 (cc17746adff54984afff480136733114c6b3704b),platform=Windows NT 6.2.9200 x86_64) (WARNING: The server did not provide any stacktrace information)\nCommand duration or timeout: 32 milliseconds\nFor documentation on this error, please visit: http://seleniumhq.org/exceptions/no_such_element.html\nBuild info: version: '2.53.1', revision: 'a36b8b1cd5757287168e54b817830adce9b0158d', time: '2016-06-30 19:26:09'\nSystem info: host: 'ICPL11484', ip: '10.11.30.153', os.name: 'Windows 8', os.arch: 'amd64', os.version: '6.2', java.version: '1.8.0_111'\nDriver info: com.qmetry.qaf.automation.ui.webdriver.QAFExtendedWebDriver\nCapabilities [{applicationCacheEnabled=false, rotatable=false, mobileEmulationEnabled=false, networkConnectionEnabled=false, chrome={chromedriverVersion=2.28.455520 (cc17746adff54984afff480136733114c6b3704b), userDataDir=C:\\Users\\RAJESW~1.ALL\\AppData\\Local\\Temp\\scoped_dir7048_27385}, takesHeapSnapshot=true, pageLoadStrategy=normal, databaseEnabled=false, handlesAlerts=true, hasTouchScreen=false, version=58.0.3029.96, platform=WIN8, browserConnectionEnabled=false, nativeEvents=true, acceptSslCerts=true, locationContextEnabled=true, webStorageEnabled=true, browserName=chrome, takesScreenshot=true, javascriptEnabled=true, cssSelectorsEnabled=true, unexpectedAlertBehaviour=}]\nSession ID: 2246414979f07e33f90b8314a6759c49\n*** Element info: {Using=xpath, value=//div[@class='_12-hHd']/descendant::button[1]}",
      "subLogs": [],
      "duration": 32
    },
    {
      "commandName": "findElement",
      "args": [
        "{value=//div[@class='_12-hHd']/descendant::button[1], using=xpath}"
      ],
      "result": "no such element: Unable to locate element: {\"method\":\"xpath\",\"selector\":\"//div[@class='_12-hHd']/descendant::button[1]\"}\n  (Session info: chrome=58.0.3029.96)\n  (Driver info: chromedriver=2.28.455520 (cc17746adff54984afff480136733114c6b3704b),platform=Windows NT 6.2.9200 x86_64) (WARNING: The server did not provide any stacktrace information)\nCommand duration or timeout: 15 milliseconds\nFor documentation on this error, please visit: http://seleniumhq.org/exceptions/no_such_element.html\nBuild info: version: '2.53.1', revision: 'a36b8b1cd5757287168e54b817830adce9b0158d', time: '2016-06-30 19:26:09'\nSystem info: host: 'ICPL11484', ip: '10.11.30.153', os.name: 'Windows 8', os.arch: 'amd64', os.version: '6.2', java.version: '1.8.0_111'\nDriver info: com.qmetry.qaf.automation.ui.webdriver.QAFExtendedWebDriver\nCapabilities [{applicationCacheEnabled=false, rotatable=false, mobileEmulationEnabled=false, networkConnectionEnabled=false, chrome={chromedriverVersion=2.28.455520 (cc17746adff54984afff480136733114c6b3704b), userDataDir=C:\\Users\\RAJESW~1.ALL\\AppData\\Local\\Temp\\scoped_dir7048_27385}, takesHeapSnapshot=true, pageLoadStrategy=normal, databaseEnabled=false, handlesAlerts=true, hasTouchScreen=false, version=58.0.3029.96, platform=WIN8, browserConnectionEnabled=false, nativeEvents=true, acceptSslCerts=true, locationContextEnabled=true, webStorageEnabled=true, browserName=chrome, takesScreenshot=true, javascriptEnabled=true, cssSelectorsEnabled=true, unexpectedAlertBehaviour=}]\nSession ID: 2246414979f07e33f90b8314a6759c49\n*** Element info: {Using=xpath, value=//div[@class='_12-hHd']/descendant::button[1]}",
      "subLogs": [],
      "duration": 15
    },
    {
      "commandName": "findElement",
      "args": [
        "{value=//div[@class='_12-hHd']/descendant::button[1], using=xpath}"
      ],
      "result": "no such element: Unable to locate element: {\"method\":\"xpath\",\"selector\":\"//div[@class='_12-hHd']/descendant::button[1]\"}\n  (Session info: chrome=58.0.3029.96)\n  (Driver info: chromedriver=2.28.455520 (cc17746adff54984afff480136733114c6b3704b),platform=Windows NT 6.2.9200 x86_64) (WARNING: The server did not provide any stacktrace information)\nCommand duration or timeout: 16 milliseconds\nFor documentation on this error, please visit: http://seleniumhq.org/exceptions/no_such_element.html\nBuild info: version: '2.53.1', revision: 'a36b8b1cd5757287168e54b817830adce9b0158d', time: '2016-06-30 19:26:09'\nSystem info: host: 'ICPL11484', ip: '10.11.30.153', os.name: 'Windows 8', os.arch: 'amd64', os.version: '6.2', java.version: '1.8.0_111'\nDriver info: com.qmetry.qaf.automation.ui.webdriver.QAFExtendedWebDriver\nCapabilities [{applicationCacheEnabled=false, rotatable=false, mobileEmulationEnabled=false, networkConnectionEnabled=false, chrome={chromedriverVersion=2.28.455520 (cc17746adff54984afff480136733114c6b3704b), userDataDir=C:\\Users\\RAJESW~1.ALL\\AppData\\Local\\Temp\\scoped_dir7048_27385}, takesHeapSnapshot=true, pageLoadStrategy=normal, databaseEnabled=false, handlesAlerts=true, hasTouchScreen=false, version=58.0.3029.96, platform=WIN8, browserConnectionEnabled=false, nativeEvents=true, acceptSslCerts=true, locationContextEnabled=true, webStorageEnabled=true, browserName=chrome, takesScreenshot=true, javascriptEnabled=true, cssSelectorsEnabled=true, unexpectedAlertBehaviour=}]\nSession ID: 2246414979f07e33f90b8314a6759c49\n*** Element info: {Using=xpath, value=//div[@class='_12-hHd']/descendant::button[1]}",
      "subLogs": [],
      "duration": 16
    },
    {
      "commandName": "findElement",
      "args": [
        "{value=//div[@class='_12-hHd']/descendant::button[1], using=xpath}"
      ],
      "result": "no such element: Unable to locate element: {\"method\":\"xpath\",\"selector\":\"//div[@class='_12-hHd']/descendant::button[1]\"}\n  (Session info: chrome=58.0.3029.96)\n  (Driver info: chromedriver=2.28.455520 (cc17746adff54984afff480136733114c6b3704b),platform=Windows NT 6.2.9200 x86_64) (WARNING: The server did not provide any stacktrace information)\nCommand duration or timeout: 31 milliseconds\nFor documentation on this error, please visit: http://seleniumhq.org/exceptions/no_such_element.html\nBuild info: version: '2.53.1', revision: 'a36b8b1cd5757287168e54b817830adce9b0158d', time: '2016-06-30 19:26:09'\nSystem info: host: 'ICPL11484', ip: '10.11.30.153', os.name: 'Windows 8', os.arch: 'amd64', os.version: '6.2', java.version: '1.8.0_111'\nDriver info: com.qmetry.qaf.automation.ui.webdriver.QAFExtendedWebDriver\nCapabilities [{applicationCacheEnabled=false, rotatable=false, mobileEmulationEnabled=false, networkConnectionEnabled=false, chrome={chromedriverVersion=2.28.455520 (cc17746adff54984afff480136733114c6b3704b), userDataDir=C:\\Users\\RAJESW~1.ALL\\AppData\\Local\\Temp\\scoped_dir7048_27385}, takesHeapSnapshot=true, pageLoadStrategy=normal, databaseEnabled=false, handlesAlerts=true, hasTouchScreen=false, version=58.0.3029.96, platform=WIN8, browserConnectionEnabled=false, nativeEvents=true, acceptSslCerts=true, locationContextEnabled=true, webStorageEnabled=true, browserName=chrome, takesScreenshot=true, javascriptEnabled=true, cssSelectorsEnabled=true, unexpectedAlertBehaviour=}]\nSession ID: 2246414979f07e33f90b8314a6759c49\n*** Element info: {Using=xpath, value=//div[@class='_12-hHd']/descendant::button[1]}",
      "subLogs": [],
      "duration": 31
    },
    {
      "commandName": "findElement",
      "args": [
        "{value=//div[@class='_12-hHd']/descendant::button[1], using=xpath}"
      ],
      "result": "no such element: Unable to locate element: {\"method\":\"xpath\",\"selector\":\"//div[@class='_12-hHd']/descendant::button[1]\"}\n  (Session info: chrome=58.0.3029.96)\n  (Driver info: chromedriver=2.28.455520 (cc17746adff54984afff480136733114c6b3704b),platform=Windows NT 6.2.9200 x86_64) (WARNING: The server did not provide any stacktrace information)\nCommand duration or timeout: 32 milliseconds\nFor documentation on this error, please visit: http://seleniumhq.org/exceptions/no_such_element.html\nBuild info: version: '2.53.1', revision: 'a36b8b1cd5757287168e54b817830adce9b0158d', time: '2016-06-30 19:26:09'\nSystem info: host: 'ICPL11484', ip: '10.11.30.153', os.name: 'Windows 8', os.arch: 'amd64', os.version: '6.2', java.version: '1.8.0_111'\nDriver info: com.qmetry.qaf.automation.ui.webdriver.QAFExtendedWebDriver\nCapabilities [{applicationCacheEnabled=false, rotatable=false, mobileEmulationEnabled=false, networkConnectionEnabled=false, chrome={chromedriverVersion=2.28.455520 (cc17746adff54984afff480136733114c6b3704b), userDataDir=C:\\Users\\RAJESW~1.ALL\\AppData\\Local\\Temp\\scoped_dir7048_27385}, takesHeapSnapshot=true, pageLoadStrategy=normal, databaseEnabled=false, handlesAlerts=true, hasTouchScreen=false, version=58.0.3029.96, platform=WIN8, browserConnectionEnabled=false, nativeEvents=true, acceptSslCerts=true, locationContextEnabled=true, webStorageEnabled=true, browserName=chrome, takesScreenshot=true, javascriptEnabled=true, cssSelectorsEnabled=true, unexpectedAlertBehaviour=}]\nSession ID: 2246414979f07e33f90b8314a6759c49\n*** Element info: {Using=xpath, value=//div[@class='_12-hHd']/descendant::button[1]}",
      "subLogs": [],
      "duration": 32
    },
    {
      "commandName": "findElement",
      "args": [
        "{value=//div[@class='_12-hHd']/descendant::button[1], using=xpath}"
      ],
      "result": "no such element: Unable to locate element: {\"method\":\"xpath\",\"selector\":\"//div[@class='_12-hHd']/descendant::button[1]\"}\n  (Session info: chrome=58.0.3029.96)\n  (Driver info: chromedriver=2.28.455520 (cc17746adff54984afff480136733114c6b3704b),platform=Windows NT 6.2.9200 x86_64) (WARNING: The server did not provide any stacktrace information)\nCommand duration or timeout: 16 milliseconds\nFor documentation on this error, please visit: http://seleniumhq.org/exceptions/no_such_element.html\nBuild info: version: '2.53.1', revision: 'a36b8b1cd5757287168e54b817830adce9b0158d', time: '2016-06-30 19:26:09'\nSystem info: host: 'ICPL11484', ip: '10.11.30.153', os.name: 'Windows 8', os.arch: 'amd64', os.version: '6.2', java.version: '1.8.0_111'\nDriver info: com.qmetry.qaf.automation.ui.webdriver.QAFExtendedWebDriver\nCapabilities [{applicationCacheEnabled=false, rotatable=false, mobileEmulationEnabled=false, networkConnectionEnabled=false, chrome={chromedriverVersion=2.28.455520 (cc17746adff54984afff480136733114c6b3704b), userDataDir=C:\\Users\\RAJESW~1.ALL\\AppData\\Local\\Temp\\scoped_dir7048_27385}, takesHeapSnapshot=true, pageLoadStrategy=normal, databaseEnabled=false, handlesAlerts=true, hasTouchScreen=false, version=58.0.3029.96, platform=WIN8, browserConnectionEnabled=false, nativeEvents=true, acceptSslCerts=true, locationContextEnabled=true, webStorageEnabled=true, browserName=chrome, takesScreenshot=true, javascriptEnabled=true, cssSelectorsEnabled=true, unexpectedAlertBehaviour=}]\nSession ID: 2246414979f07e33f90b8314a6759c49\n*** Element info: {Using=xpath, value=//div[@class='_12-hHd']/descendant::button[1]}",
      "subLogs": [],
      "duration": 16
    },
    {
      "commandName": "findElement",
      "args": [
        "{value=//div[@class='_12-hHd']/descendant::button[1], using=xpath}"
      ],
      "result": "no such element: Unable to locate element: {\"method\":\"xpath\",\"selector\":\"//div[@class='_12-hHd']/descendant::button[1]\"}\n  (Session info: chrome=58.0.3029.96)\n  (Driver info: chromedriver=2.28.455520 (cc17746adff54984afff480136733114c6b3704b),platform=Windows NT 6.2.9200 x86_64) (WARNING: The server did not provide any stacktrace information)\nCommand duration or timeout: 16 milliseconds\nFor documentation on this error, please visit: http://seleniumhq.org/exceptions/no_such_element.html\nBuild info: version: '2.53.1', revision: 'a36b8b1cd5757287168e54b817830adce9b0158d', time: '2016-06-30 19:26:09'\nSystem info: host: 'ICPL11484', ip: '10.11.30.153', os.name: 'Windows 8', os.arch: 'amd64', os.version: '6.2', java.version: '1.8.0_111'\nDriver info: com.qmetry.qaf.automation.ui.webdriver.QAFExtendedWebDriver\nCapabilities [{applicationCacheEnabled=false, rotatable=false, mobileEmulationEnabled=false, networkConnectionEnabled=false, chrome={chromedriverVersion=2.28.455520 (cc17746adff54984afff480136733114c6b3704b), userDataDir=C:\\Users\\RAJESW~1.ALL\\AppData\\Local\\Temp\\scoped_dir7048_27385}, takesHeapSnapshot=true, pageLoadStrategy=normal, databaseEnabled=false, handlesAlerts=true, hasTouchScreen=false, version=58.0.3029.96, platform=WIN8, browserConnectionEnabled=false, nativeEvents=true, acceptSslCerts=true, locationContextEnabled=true, webStorageEnabled=true, browserName=chrome, takesScreenshot=true, javascriptEnabled=true, cssSelectorsEnabled=true, unexpectedAlertBehaviour=}]\nSession ID: 2246414979f07e33f90b8314a6759c49\n*** Element info: {Using=xpath, value=//div[@class='_12-hHd']/descendant::button[1]}",
      "subLogs": [],
      "duration": 16
    },
    {
      "commandName": "isElementEnabled",
      "args": [
        "By.xpath: //div[@class='_12-hHd']/descendant::button[1]",
        "{\"id\":\"-1\"}"
      ],
      "result": "Timed out after 30 seconds waiting for presence of element located by: By.xpath: //div[@class='_12-hHd']/descendant::button[1]\nBuild info: version: '2.53.1', revision: 'a36b8b1cd5757287168e54b817830adce9b0158d', time: '2016-06-30 19:26:09'\nSystem info: host: 'ICPL11484', ip: '10.11.30.153', os.name: 'Windows 8', os.arch: 'amd64', os.version: '6.2', java.version: '1.8.0_111'\nDriver info: driver.version: QAFExtendedWebDriver",
      "subLogs": [],
      "duration": -750044114
    }
  ],
  "checkPoints": [
    {
      "message": "flipkarthomepage should display properly\nExpected: a string containing \"Online Shopping Site for Mobiles,Fashion,Books,Electronics,Home Appliances & More @ Flipkart\"\n     Actual: was \"Online Shopping Site for Mobiles,Fashion,Books,Electronics,Home Appliances & More @ Flipkart\"",
      "type": "Pass",
      "screenshot": "img/Testproductorderflow_1v31k1x69e6i518668.png",
      "duration": 0,
      "threshold": 0,
      "subCheckPoints": []
    },
    {
      "message": "Apple phone page shouldbe displayed properly\nExpected: a string containing \"Online Shopping Site for Mobiles,Fashion,Books,Electronics,Home Appliances & More @ Flipkart\"\n     Actual: was \"Online Shopping Site for Mobiles,Fashion,Books,Electronics,Home Appliances & More @ Flipkart\"",
      "type": "Pass",
      "screenshot": "img/Testproductorderflow_5axzxz9gz7gx18669.png",
      "duration": 0,
      "threshold": 0,
      "subCheckPoints": []
    },
    {
      "message": "Apple ipad page shouldbe displayed properly\nExpected: a string containing \"Apple Tablet/iPads - Buy Apple Tab Online at Best Prices In India | Flipkart.com\"\n     Actual: was \"Apple Tablet/iPads - Buy Apple Tab Online at Best Prices In India | Flipkart.com\"",
      "type": "Pass",
      "screenshot": "img/Testproductorderflow_644k4xjbtdon18670.png",
      "duration": 0,
      "threshold": 0,
      "subCheckPoints": []
    },
    {
      "message": "Timed out after 30 seconds waiting for presence of element located by: By.xpath: //div[@class='_12-hHd']/descendant::button[1]\nBuild info: version: '2.53.1', revision: 'a36b8b1cd5757287168e54b817830adce9b0158d', time: '2016-06-30 19:26:09'\nSystem info: host: 'ICPL11484', ip: '10.11.30.153', os.name: 'Windows 8', os.arch: 'amd64', os.version: '6.2', java.version: '1.8.0_111'\nDriver info: driver.version: QAFExtendedWebDriver",
      "type": "Fail",
      "screenshot": "img/Testproductorderflow_5og7odq7h3rn18671.png",
      "duration": 0,
      "threshold": 0,
      "subCheckPoints": []
    }
  ],
  "errorTrace": "org.openqa.selenium.TimeoutException: Timed out after 30 seconds waiting for presence of element located by: By.xpath: //div[@class='_12-hHd']/descendant::button[1]\nBuild info: version: '2.53.1', revision: 'a36b8b1cd5757287168e54b817830adce9b0158d', time: '2016-06-30 19:26:09'\nSystem info: host: 'ICPL11484', ip: '10.11.30.153', os.name: 'Windows 8', os.arch: 'amd64', os.version: '6.2', java.version: '1.8.0_111'\nDriver info: driver.version: QAFExtendedWebDriver\r\n\tat org.openqa.selenium.support.ui.FluentWait.timeoutException(FluentWait.java:292)\r\n\tat org.openqa.selenium.support.ui.FluentWait.until(FluentWait.java:261)\r\n\tat com.qmetry.qaf.automation.ui.webdriver.QAFExtendedWebDriver.load(QAFExtendedWebDriver.java:203)\r\n\tat com.qmetry.qaf.automation.ui.webdriver.QAFExtendedWebElement.load(QAFExtendedWebElement.java:253)\r\n\tat com.qmetry.qaf.automation.ui.webdriver.QAFExtendedWebElement.execute(QAFExtendedWebElement.java:208)\r\n\tat org.openqa.selenium.remote.RemoteWebElement.isEnabled(RemoteWebElement.java:169)\r\n\tat com.flipkartday2.Page.AddtocartTestPage.AddToCart(AddtocartTestPage.java:86)\r\n\tat com.flipkartday2.Test.Productorder.Testproductorderflow(Productorder.java:28)\r\n\tat sun.reflect.NativeMethodAccessorImpl.invoke0(Native Method)\r\n\tat sun.reflect.NativeMethodAccessorImpl.invoke(Unknown Source)\r\n\tat sun.reflect.DelegatingMethodAccessorImpl.invoke(Unknown Source)\r\n\tat java.lang.reflect.Method.invoke(Unknown Source)\r\n\tat org.testng.internal.MethodInvocationHelper.invokeMethod(MethodInvocationHelper.java:84)\r\n\tat org.testng.internal.Invoker.invokeMethod(Invoker.java:714)\r\n\tat org.testng.internal.Invoker.invokeTestMethod(Invoker.java:901)\r\n\tat org.testng.internal.Invoker.invokeTestMethods(Invoker.java:1231)\r\n\tat org.testng.internal.TestMethodWorker.invokeTestMethods(TestMethodWorker.java:127)\r\n\tat org.testng.internal.TestMethodWorker.run(TestMethodWorker.java:111)\r\n\tat org.testng.TestRunner.privateRun(TestRunner.java:741)\r\n\tat org.testng.TestRunner.run(TestRunner.java:595)\r\n\tat org.testng.SuiteRunner.runTest(SuiteRunner.java:334)\r\n\tat org.testng.SuiteRunner.runSequentially(SuiteRunner.java:329)\r\n\tat org.testng.SuiteRunner.privateRun(SuiteRunner.java:291)\r\n\tat org.testng.SuiteRunner.run(SuiteRunner.java:240)\r\n\tat org.testng.SuiteRunnerWorker.runSuite(SuiteRunnerWorker.java:52)\r\n\tat org.testng.SuiteRunnerWorker.run(SuiteRunnerWorker.java:86)\r\n\tat org.testng.TestNG.runSuitesSequentially(TestNG.java:1224)\r\n\tat org.testng.TestNG.runSuitesLocally(TestNG.java:1149)\r\n\tat org.testng.TestNG.run(TestNG.java:1057)\r\n\tat org.testng.remote.AbstractRemoteTestNG.run(AbstractRemoteTestNG.java:132)\r\n\tat org.testng.remote.RemoteTestNG.initAndRun(RemoteTestNG.java:236)\r\n\tat org.testng.remote.RemoteTestNG.main(RemoteTestNG.java:81)\r\nCaused by: org.openqa.selenium.NoSuchElementException: no such element: Unable to locate element: {\"method\":\"xpath\",\"selector\":\"//div[@class='_12-hHd']/descendant::button[1]\"}\n  (Session info: chrome=58.0.3029.96)\n  (Driver info: chromedriver=2.28.455520 (cc17746adff54984afff480136733114c6b3704b),platform=Windows NT 6.2.9200 x86_64) (WARNING: The server did not provide any stacktrace information)\nCommand duration or timeout: 16 milliseconds\nFor documentation on this error, please visit: http://seleniumhq.org/exceptions/no_such_element.html\nBuild info: version: '2.53.1', revision: 'a36b8b1cd5757287168e54b817830adce9b0158d', time: '2016-06-30 19:26:09'\nSystem info: host: 'ICPL11484', ip: '10.11.30.153', os.name: 'Windows 8', os.arch: 'amd64', os.version: '6.2', java.version: '1.8.0_111'\nDriver info: com.qmetry.qaf.automation.ui.webdriver.QAFExtendedWebDriver\nCapabilities [{applicationCacheEnabled=false, rotatable=false, mobileEmulationEnabled=false, networkConnectionEnabled=false, chrome={chromedriverVersion=2.28.455520 (cc17746adff54984afff480136733114c6b3704b), userDataDir=C:\\Users\\RAJESW~1.ALL\\AppData\\Local\\Temp\\scoped_dir7048_27385}, takesHeapSnapshot=true, pageLoadStrategy=normal, databaseEnabled=false, handlesAlerts=true, hasTouchScreen=false, version=58.0.3029.96, platform=WIN8, browserConnectionEnabled=false, nativeEvents=true, acceptSslCerts=true, locationContextEnabled=true, webStorageEnabled=true, browserName=chrome, takesScreenshot=true, javascriptEnabled=true, cssSelectorsEnabled=true, unexpectedAlertBehaviour=}]\nSession ID: 2246414979f07e33f90b8314a6759c49\n*** Element info: {Using=xpath, value=//div[@class='_12-hHd']/descendant::button[1]}\r\n\tat sun.reflect.GeneratedConstructorAccessor12.newInstance(Unknown Source)\r\n\tat sun.reflect.DelegatingConstructorAccessorImpl.newInstance(Unknown Source)\r\n\tat java.lang.reflect.Constructor.newInstance(Unknown Source)\r\n\tat org.openqa.selenium.remote.ErrorHandler.createThrowable(ErrorHandler.java:206)\r\n\tat org.openqa.selenium.remote.ErrorHandler.throwIfResponseFailed(ErrorHandler.java:158)\r\n\tat org.openqa.selenium.remote.RemoteWebDriver.execute(RemoteWebDriver.java:678)\r\n\tat com.qmetry.qaf.automation.ui.webdriver.QAFExtendedWebDriver.execute(QAFExtendedWebDriver.java:223)\r\n\tat org.openqa.selenium.remote.RemoteWebDriver.findElement(RemoteWebDriver.java:363)\r\n\tat org.openqa.selenium.remote.RemoteWebDriver.findElementByXPath(RemoteWebDriver.java:500)\r\n\tat com.qmetry.qaf.automation.ui.webdriver.QAFExtendedWebDriver.findElementByXPath(QAFExtendedWebDriver.java:381)\r\n\tat com.qmetry.qaf.automation.ui.webdriver.QAFExtendedWebDriver.findElementByXPath(QAFExtendedWebDriver.java:1)\r\n\tat org.openqa.selenium.By$ByXPath.findElement(By.java:361)\r\n\tat org.openqa.selenium.remote.RemoteWebDriver.findElement(RemoteWebDriver.java:355)\r\n\tat com.qmetry.qaf.automation.ui.webdriver.QAFExtendedWebDriver.findElement(QAFExtendedWebDriver.java:158)\r\n\tat com.qmetry.qaf.automation.ui.webdriver.QAFExtendedWebDriver.findElement(QAFExtendedWebDriver.java:1)\r\n\tat org.openqa.selenium.support.ui.ExpectedConditions.findElement(ExpectedConditions.java:899)\r\n\tat org.openqa.selenium.support.ui.ExpectedConditions.access$000(ExpectedConditions.java:41)\r\n\tat org.openqa.selenium.support.ui.ExpectedConditions$6.apply(ExpectedConditions.java:181)\r\n\tat org.openqa.selenium.support.ui.ExpectedConditions$6.apply(ExpectedConditions.java:178)\r\n\tat org.openqa.selenium.support.ui.FluentWait.until(FluentWait.java:238)\r\n\t... 30 more\r\n"
}