<?xml version="1.0" encoding="UTF-8"?>
<!-- Generated by org.testng.reporters.JUnitReportReporter -->
<testsuite hostname="ICPL11484" name="com.qmetry.qaf.automation.step.client.DataDrivenScenario" tests="1" failures="1" timestamp="5 May 2017 12:19:13 GMT" time="50.790" errors="0">
  <testcase name="OrderVerification" time="50.790" classname="com.qmetry.qaf.automation.step.client.DataDrivenScenario">
    <failure type="org.openqa.selenium.TimeoutException" message="Timed out after 30 seconds: Wait time out for adding mobile into cart to be visible
Build info: version: &#039;2.53.1&#039;, revision: &#039;a36b8b1cd5757287168e54b817830adce9b0158d&#039;, time: &#039;2016-06-30 19:26:09&#039;
System info: host: &#039;ICPL11484&#039;, ip: &#039;10.11.30.153&#039;, os.name: &#039;Windows 8&#039;, os.arch: &#039;amd64&#039;, os.version: &#039;6.2&#039;, java.version: &#039;1.8.0_111&#039;
Driver info: driver.version: unknown">
      <![CDATA[org.openqa.selenium.TimeoutException: Timed out after 30 seconds: Wait time out for adding mobile into cart to be visible
Build info: version: '2.53.1', revision: 'a36b8b1cd5757287168e54b817830adce9b0158d', time: '2016-06-30 19:26:09'
System info: host: 'ICPL11484', ip: '10.11.30.153', os.name: 'Windows 8', os.arch: 'amd64', os.version: '6.2', java.version: '1.8.0_111'
Driver info: driver.version: unknown
	at .When customer selects add to cart(scenarios/suite1.bdd:30)
	at org.openqa.selenium.support.ui.FluentWait.timeoutException(FluentWait.java:292)
	at org.openqa.selenium.support.ui.FluentWait.until(FluentWait.java:261)
	at com.qmetry.qaf.automation.ui.webdriver.QAFExtendedWebElement.waitForVisible(QAFExtendedWebElement.java:447)
	at com.flipkartday2.Page.ProductdetailsTestPage.AddtoCartButton(ProductdetailsTestPage.java:61)
	at com.flipkartday2.StepsBackLog.customerSelectsAddToCart_aroundBody16(StepsBackLog.java:96)
	at com.qmetry.qaf.automation.step.JavaStepReporter.javaTestStep(JavaStepReporter.java:89)
	at com.flipkartday2.StepsBackLog.customerSelectsAddToCart(StepsBackLog.java:95)
	at com.qmetry.qaf.automation.step.JavaStep.doExecute(JavaStep.java:129)
	at com.qmetry.qaf.automation.step.BaseTestStep.execute(BaseTestStep.java:148)
	at com.qmetry.qaf.automation.step.StringTestStep.execute(StringTestStep.java:109)
	at com.qmetry.qaf.automation.step.client.Scenario.execute(Scenario.java:151)
	at com.qmetry.qaf.automation.step.client.DataDrivenScenario.scenario(DataDrivenScenario.java:84)
]]>
    </failure>
  </testcase> <!-- OrderVerification -->
</testsuite> <!-- com.qmetry.qaf.automation.step.client.DataDrivenScenario -->
